09-Jan-2021 23:21:39.016 INFORMACIÓN [main] org.apache.catalina.startup.VersionLoggerListener.log Nombre de la versión del servidor: Apache Tomcat/9.0.41
09-Jan-2021 23:21:39.019 INFORMACIÓN [main] org.apache.catalina.startup.VersionLoggerListener.log Server built:                      Dec 3 2020 11:43:00 UTC
09-Jan-2021 23:21:39.019 INFORMACIÓN [main] org.apache.catalina.startup.VersionLoggerListener.log Número de versión de servidor:     9.0.41.0
09-Jan-2021 23:21:39.019 INFORMACIÓN [main] org.apache.catalina.startup.VersionLoggerListener.log OS Name:                           Windows 10
09-Jan-2021 23:21:39.019 INFORMACIÓN [main] org.apache.catalina.startup.VersionLoggerListener.log Versión de Systema Operativo:      10.0
09-Jan-2021 23:21:39.019 INFORMACIÓN [main] org.apache.catalina.startup.VersionLoggerListener.log Arquitectura:                      amd64
09-Jan-2021 23:21:39.019 INFORMACIÓN [main] org.apache.catalina.startup.VersionLoggerListener.log Java Home:                         C:\Program Files\Java\jdk1.8.0_111\jre
09-Jan-2021 23:21:39.019 INFORMACIÓN [main] org.apache.catalina.startup.VersionLoggerListener.log JVM Version:                       1.8.0_111-b14
09-Jan-2021 23:21:39.019 INFORMACIÓN [main] org.apache.catalina.startup.VersionLoggerListener.log Vededor JVM:                       Oracle Corporation
09-Jan-2021 23:21:39.020 INFORMACIÓN [main] org.apache.catalina.startup.VersionLoggerListener.log CATALINA_BASE:                     E:\Users\david\Desktop\Universidad\Cuarto\1Cuatri\Arquitectura de diseño y sistemas web\apache-tomcat-9.0.41
09-Jan-2021 23:21:39.020 INFORMACIÓN [main] org.apache.catalina.startup.VersionLoggerListener.log CATALINA_HOME:                     E:\Users\david\Desktop\Universidad\Cuarto\1Cuatri\Arquitectura de diseño y sistemas web\apache-tomcat-9.0.41
09-Jan-2021 23:21:39.023 INFORMACIÓN [main] org.apache.catalina.startup.VersionLoggerListener.log Command line argument:             -Djava.util.logging.config.file=E:\Users\david\Desktop\Universidad\Cuarto\1Cuatri\Arquitectura de diseño y sistemas web\apache-tomcat-9.0.41\conf\logging.properties
09-Jan-2021 23:21:39.023 INFORMACIÓN [main] org.apache.catalina.startup.VersionLoggerListener.log Command line argument:             -Djava.util.logging.manager=org.apache.juli.ClassLoaderLogManager
09-Jan-2021 23:21:39.023 INFORMACIÓN [main] org.apache.catalina.startup.VersionLoggerListener.log Command line argument:             -Dhttp.nonProxyHosts=localhost|127.0.0.1|DESKTOP-M29HIL5
09-Jan-2021 23:21:39.023 INFORMACIÓN [main] org.apache.catalina.startup.VersionLoggerListener.log Command line argument:             -Djdk.tls.ephemeralDHKeySize=2048
09-Jan-2021 23:21:39.023 INFORMACIÓN [main] org.apache.catalina.startup.VersionLoggerListener.log Command line argument:             -Djava.protocol.handler.pkgs=org.apache.catalina.webresources
09-Jan-2021 23:21:39.023 INFORMACIÓN [main] org.apache.catalina.startup.VersionLoggerListener.log Command line argument:             -Dignore.endorsed.dirs=
09-Jan-2021 23:21:39.023 INFORMACIÓN [main] org.apache.catalina.startup.VersionLoggerListener.log Command line argument:             -Dcatalina.base=E:\Users\david\Desktop\Universidad\Cuarto\1Cuatri\Arquitectura de diseño y sistemas web\apache-tomcat-9.0.41
09-Jan-2021 23:21:39.023 INFORMACIÓN [main] org.apache.catalina.startup.VersionLoggerListener.log Command line argument:             -Dcatalina.home=E:\Users\david\Desktop\Universidad\Cuarto\1Cuatri\Arquitectura de diseño y sistemas web\apache-tomcat-9.0.41
09-Jan-2021 23:21:39.024 INFORMACIÓN [main] org.apache.catalina.startup.VersionLoggerListener.log Command line argument:             -Djava.io.tmpdir=E:\Users\david\Desktop\Universidad\Cuarto\1Cuatri\Arquitectura de diseño y sistemas web\apache-tomcat-9.0.41\temp
09-Jan-2021 23:21:39.030 INFORMACIÓN [main] org.apache.catalina.core.AprLifecycleListener.lifecycleEvent Cargada la biblioteca nativa APR de Apache Tomcat [1.2.25] con la versión APR [1.7.0].
09-Jan-2021 23:21:39.031 INFORMACIÓN [main] org.apache.catalina.core.AprLifecycleListener.lifecycleEvent Capacidades APR: IPv6 [true], enviar fichero [true], aceptar filtros [false], aleatorio [true].
09-Jan-2021 23:21:39.071 INFORMACIÓN [main] org.apache.catalina.core.AprLifecycleListener.lifecycleEvent APR/OpenSSL configuration: useAprConnector [false], useOpenSSL [true]
09-Jan-2021 23:21:39.195 INFORMACIÓN [main] org.apache.catalina.core.AprLifecycleListener.initializeSSL OpenSSL inicializado correctamente [OpenSSL 1.1.1g  21 Apr 2020]
09-Jan-2021 23:21:39.896 INFORMACIÓN [main] org.apache.coyote.AbstractProtocol.init Inicializando el manejador de protocolo ["http-nio-8081"]

09-Jan-2021 23:21:40.504 INFORMACIÓN [main] org.apache.catalina.startup.Catalina.load Server initialization in [1771] milliseconds
09-Jan-2021 23:21:40.587 INFORMACIÓN [main] org.apache.catalina.core.StandardService.startInternal Arrancando servicio [Catalina]
09-Jan-2021 23:21:40.588 INFORMACIÓN [main] org.apache.catalina.core.StandardEngine.startInternal Starting Servlet engine: [Apache Tomcat/9.0.41]
09-Jan-2021 23:21:40.614 INFORMACIÓN [main] org.apache.catalina.startup.HostConfig.deployDirectory Desplegando el directorio [E:\Users\david\Desktop\Universidad\Cuarto\1Cuatri\Arquitectura de diseño y sistemas web\apache-tomcat-9.0.41\webapps\docs] de la aplicación web
09-Jan-2021 23:21:41.102 INFORMACIÓN [main] org.apache.catalina.startup.HostConfig.deployDirectory Deployment of web application directory [E:\Users\david\Desktop\Universidad\Cuarto\1Cuatri\Arquitectura de diseño y sistemas web\apache-tomcat-9.0.41\webapps\docs] has finished in [487] ms
09-Jan-2021 23:21:41.103 INFORMACIÓN [main] org.apache.catalina.startup.HostConfig.deployDirectory Desplegando el directorio [E:\Users\david\Desktop\Universidad\Cuarto\1Cuatri\Arquitectura de diseño y sistemas web\apache-tomcat-9.0.41\webapps\examples] de la aplicación web
09-Jan-2021 23:21:42.422 INFORMACIÓN [main] org.apache.catalina.startup.HostConfig.deployDirectory Deployment of web application directory [E:\Users\david\Desktop\Universidad\Cuarto\1Cuatri\Arquitectura de diseño y sistemas web\apache-tomcat-9.0.41\webapps\examples] has finished in [1.320] ms
09-Jan-2021 23:21:42.426 INFORMACIÓN [main] org.apache.catalina.startup.HostConfig.deployDirectory Desplegando el directorio [E:\Users\david\Desktop\Universidad\Cuarto\1Cuatri\Arquitectura de diseño y sistemas web\apache-tomcat-9.0.41\webapps\host-manager] de la aplicación web
09-Jan-2021 23:21:42.553 INFORMACIÓN [main] org.apache.catalina.startup.HostConfig.deployDirectory Deployment of web application directory [E:\Users\david\Desktop\Universidad\Cuarto\1Cuatri\Arquitectura de diseño y sistemas web\apache-tomcat-9.0.41\webapps\host-manager] has finished in [126] ms
09-Jan-2021 23:21:42.555 INFORMACIÓN [main] org.apache.catalina.startup.HostConfig.deployDirectory Desplegando el directorio [E:\Users\david\Desktop\Universidad\Cuarto\1Cuatri\Arquitectura de diseño y sistemas web\apache-tomcat-9.0.41\webapps\manager] de la aplicación web
09-Jan-2021 23:21:42.732 INFORMACIÓN [main] org.apache.catalina.startup.HostConfig.deployDirectory Deployment of web application directory [E:\Users\david\Desktop\Universidad\Cuarto\1Cuatri\Arquitectura de diseño y sistemas web\apache-tomcat-9.0.41\webapps\manager] has finished in [176] ms
09-Jan-2021 23:21:42.732 INFORMACIÓN [main] org.apache.catalina.startup.HostConfig.deployDirectory Desplegando el directorio [E:\Users\david\Desktop\Universidad\Cuarto\1Cuatri\Arquitectura de diseño y sistemas web\apache-tomcat-9.0.41\webapps\ROOT] de la aplicación web
09-Jan-2021 23:21:42.792 INFORMACIÓN [main] org.apache.catalina.startup.HostConfig.deployDirectory Deployment of web application directory [E:\Users\david\Desktop\Universidad\Cuarto\1Cuatri\Arquitectura de diseño y sistemas web\apache-tomcat-9.0.41\webapps\ROOT] has finished in [59] ms
09-Jan-2021 23:21:42.798 INFORMACIÓN [main] org.apache.coyote.AbstractProtocol.start Starting ProtocolHandler ["http-nio-8081"]
09-Jan-2021 23:21:42.819 INFORMACIÓN [main] org.apache.catalina.startup.Catalina.start Server startup in [2315] milliseconds
09-Jan-2021 23:21:52.141 INFORMACIÓN [http-nio-8081-exec-9] org.apache.catalina.startup.HostConfig.deployDescriptor Desplieque del descriptor de configuración [E:\Users\david\Desktop\Universidad\Cuarto\1Cuatri\Arquitectura de diseño y sistemas web\apache-tomcat-9.0.41\conf\Catalina\localhost\TrabajoWeb.xml]
09-Jan-2021 23:21:52.145 ADVERTENCIA [http-nio-8081-exec-9] org.apache.catalina.startup.HostConfig.deployDescriptor The path attribute with value [/TrabajoWeb] in deployment descriptor [E:\Users\david\Desktop\Universidad\Cuarto\1Cuatri\Arquitectura de diseño y sistemas web\apache-tomcat-9.0.41\conf\Catalina\localhost\TrabajoWeb.xml] has been ignored
09-Jan-2021 23:21:52.558 INFORMACIÓN [http-nio-8081-exec-9] org.apache.jasper.servlet.TldScanner.scanJars Al menos un JAR, que se ha explorado buscando TLDs, aún no contenía TLDs. Activar historial de depuración para este historiador para una completa lista de los JARs que fueron explorados y de los que nos se halló TLDs. Saltarse JARs no necesarios durante la exploración puede dar lugar a una mejora de tiempo significativa en el arranque y compilación de JSP .
09-Jan-2021 23:21:52.571 INFORMACIÓN [http-nio-8081-exec-9] org.apache.catalina.startup.HostConfig.deployDescriptor Deployment of deployment descriptor [E:\Users\david\Desktop\Universidad\Cuarto\1Cuatri\Arquitectura de diseño y sistemas web\apache-tomcat-9.0.41\conf\Catalina\localhost\TrabajoWeb.xml] has finished in [430] ms
09-Jan-2021 23:21:52.576 INFORMACIÓN [http-nio-8081-exec-10] org.apache.catalina.util.LifecycleBase.start The start() method was called on component [StandardEngine[Catalina].StandardHost[localhost].StandardContext[/TrabajoWeb]] after start() had already been called. The second call will be ignored.
09-Jan-2021 23:47:09.629 INFORMACIÓN [main] org.apache.catalina.core.StandardServer.await Se ha recibido un comando de apagado a través del puerto de apagado. Parando la instancia del Servidor.
09-Jan-2021 23:47:09.630 INFORMACIÓN [main] org.apache.coyote.AbstractProtocol.pause Pausing ProtocolHandler ["http-nio-8081"]
09-Jan-2021 23:47:09.885 INFORMACIÓN [main] org.apache.catalina.core.StandardService.stopInternal Parando servicio [Catalina]
09-Jan-2021 23:47:09.930 INFORMACIÓN [main] org.apache.coyote.AbstractProtocol.stop Stopping ProtocolHandler ["http-nio-8081"]
09-Jan-2021 23:47:10.001 INFORMACIÓN [main] org.apache.coyote.AbstractProtocol.destroy Destroying ProtocolHandler ["http-nio-8081"]
09-Jan-2021 23:47:27.431 INFORMACIÓN [main] org.apache.catalina.startup.VersionLoggerListener.log Nombre de la versión del servidor: Apache Tomcat/9.0.41
09-Jan-2021 23:47:27.434 INFORMACIÓN [main] org.apache.catalina.startup.VersionLoggerListener.log Server built:                      Dec 3 2020 11:43:00 UTC
09-Jan-2021 23:47:27.434 INFORMACIÓN [main] org.apache.catalina.startup.VersionLoggerListener.log Número de versión de servidor:     9.0.41.0
09-Jan-2021 23:47:27.434 INFORMACIÓN [main] org.apache.catalina.startup.VersionLoggerListener.log OS Name:                           Windows 10
09-Jan-2021 23:47:27.434 INFORMACIÓN [main] org.apache.catalina.startup.VersionLoggerListener.log Versión de Systema Operativo:      10.0
09-Jan-2021 23:47:27.434 INFORMACIÓN [main] org.apache.catalina.startup.VersionLoggerListener.log Arquitectura:                      amd64
09-Jan-2021 23:47:27.434 INFORMACIÓN [main] org.apache.catalina.startup.VersionLoggerListener.log Java Home:                         C:\Program Files\Java\jdk1.8.0_111\jre
09-Jan-2021 23:47:27.434 INFORMACIÓN [main] org.apache.catalina.startup.VersionLoggerListener.log JVM Version:                       1.8.0_111-b14
09-Jan-2021 23:47:27.434 INFORMACIÓN [main] org.apache.catalina.startup.VersionLoggerListener.log Vededor JVM:                       Oracle Corporation
09-Jan-2021 23:47:27.434 INFORMACIÓN [main] org.apache.catalina.startup.VersionLoggerListener.log CATALINA_BASE:                     E:\Users\david\Desktop\Universidad\Cuarto\1Cuatri\Arquitectura de diseño y sistemas web\apache-tomcat-9.0.41
09-Jan-2021 23:47:27.434 INFORMACIÓN [main] org.apache.catalina.startup.VersionLoggerListener.log CATALINA_HOME:                     E:\Users\david\Desktop\Universidad\Cuarto\1Cuatri\Arquitectura de diseño y sistemas web\apache-tomcat-9.0.41
09-Jan-2021 23:47:27.437 INFORMACIÓN [main] org.apache.catalina.startup.VersionLoggerListener.log Command line argument:             -Djava.util.logging.config.file=E:\Users\david\Desktop\Universidad\Cuarto\1Cuatri\Arquitectura de diseño y sistemas web\apache-tomcat-9.0.41\conf\logging.properties
09-Jan-2021 23:47:27.438 INFORMACIÓN [main] org.apache.catalina.startup.VersionLoggerListener.log Command line argument:             -Djava.util.logging.manager=org.apache.juli.ClassLoaderLogManager
09-Jan-2021 23:47:27.438 INFORMACIÓN [main] org.apache.catalina.startup.VersionLoggerListener.log Command line argument:             -Dhttp.nonProxyHosts=localhost|127.0.0.1|DESKTOP-M29HIL5
09-Jan-2021 23:47:27.438 INFORMACIÓN [main] org.apache.catalina.startup.VersionLoggerListener.log Command line argument:             -Djdk.tls.ephemeralDHKeySize=2048
09-Jan-2021 23:47:27.438 INFORMACIÓN [main] org.apache.catalina.startup.VersionLoggerListener.log Command line argument:             -Djava.protocol.handler.pkgs=org.apache.catalina.webresources
09-Jan-2021 23:47:27.438 INFORMACIÓN [main] org.apache.catalina.startup.VersionLoggerListener.log Command line argument:             -Dignore.endorsed.dirs=
09-Jan-2021 23:47:27.438 INFORMACIÓN [main] org.apache.catalina.startup.VersionLoggerListener.log Command line argument:             -Dcatalina.base=E:\Users\david\Desktop\Universidad\Cuarto\1Cuatri\Arquitectura de diseño y sistemas web\apache-tomcat-9.0.41
09-Jan-2021 23:47:27.438 INFORMACIÓN [main] org.apache.catalina.startup.VersionLoggerListener.log Command line argument:             -Dcatalina.home=E:\Users\david\Desktop\Universidad\Cuarto\1Cuatri\Arquitectura de diseño y sistemas web\apache-tomcat-9.0.41
09-Jan-2021 23:47:27.438 INFORMACIÓN [main] org.apache.catalina.startup.VersionLoggerListener.log Command line argument:             -Djava.io.tmpdir=E:\Users\david\Desktop\Universidad\Cuarto\1Cuatri\Arquitectura de diseño y sistemas web\apache-tomcat-9.0.41\temp
09-Jan-2021 23:47:27.443 INFORMACIÓN [main] org.apache.catalina.core.AprLifecycleListener.lifecycleEvent Cargada la biblioteca nativa APR de Apache Tomcat [1.2.25] con la versión APR [1.7.0].
09-Jan-2021 23:47:27.444 INFORMACIÓN [main] org.apache.catalina.core.AprLifecycleListener.lifecycleEvent Capacidades APR: IPv6 [true], enviar fichero [true], aceptar filtros [false], aleatorio [true].
09-Jan-2021 23:47:27.533 INFORMACIÓN [main] org.apache.catalina.core.AprLifecycleListener.lifecycleEvent APR/OpenSSL configuration: useAprConnector [false], useOpenSSL [true]
09-Jan-2021 23:47:27.548 INFORMACIÓN [main] org.apache.catalina.core.AprLifecycleListener.initializeSSL OpenSSL inicializado correctamente [OpenSSL 1.1.1g  21 Apr 2020]
09-Jan-2021 23:47:28.097 INFORMACIÓN [main] org.apache.coyote.AbstractProtocol.init Inicializando el manejador de protocolo ["http-nio-8081"]

09-Jan-2021 23:47:28.550 INFORMACIÓN [main] org.apache.catalina.startup.Catalina.load Server initialization in [1377] milliseconds
09-Jan-2021 23:47:28.592 INFORMACIÓN [main] org.apache.catalina.core.StandardService.startInternal Arrancando servicio [Catalina]
09-Jan-2021 23:47:28.592 INFORMACIÓN [main] org.apache.catalina.core.StandardEngine.startInternal Starting Servlet engine: [Apache Tomcat/9.0.41]
09-Jan-2021 23:47:28.608 INFORMACIÓN [main] org.apache.catalina.startup.HostConfig.deployDescriptor Desplieque del descriptor de configuración [E:\Users\david\Desktop\Universidad\Cuarto\1Cuatri\Arquitectura de diseño y sistemas web\apache-tomcat-9.0.41\conf\Catalina\localhost\TrabajoWeb.xml]
09-Jan-2021 23:47:28.632 ADVERTENCIA [main] org.apache.catalina.startup.HostConfig.deployDescriptor The path attribute with value [/TrabajoWeb] in deployment descriptor [E:\Users\david\Desktop\Universidad\Cuarto\1Cuatri\Arquitectura de diseño y sistemas web\apache-tomcat-9.0.41\conf\Catalina\localhost\TrabajoWeb.xml] has been ignored
09-Jan-2021 23:47:29.263 INFORMACIÓN [main] org.apache.jasper.servlet.TldScanner.scanJars Al menos un JAR, que se ha explorado buscando TLDs, aún no contenía TLDs. Activar historial de depuración para este historiador para una completa lista de los JARs que fueron explorados y de los que nos se halló TLDs. Saltarse JARs no necesarios durante la exploración puede dar lugar a una mejora de tiempo significativa en el arranque y compilación de JSP .
09-Jan-2021 23:47:29.372 INFORMACIÓN [main] org.apache.catalina.startup.HostConfig.deployDescriptor Deployment of deployment descriptor [E:\Users\david\Desktop\Universidad\Cuarto\1Cuatri\Arquitectura de diseño y sistemas web\apache-tomcat-9.0.41\conf\Catalina\localhost\TrabajoWeb.xml] has finished in [761] ms
09-Jan-2021 23:47:29.373 INFORMACIÓN [main] org.apache.catalina.startup.HostConfig.deployDirectory Desplegando el directorio [E:\Users\david\Desktop\Universidad\Cuarto\1Cuatri\Arquitectura de diseño y sistemas web\apache-tomcat-9.0.41\webapps\docs] de la aplicación web
09-Jan-2021 23:47:29.441 INFORMACIÓN [main] org.apache.catalina.startup.HostConfig.deployDirectory Deployment of web application directory [E:\Users\david\Desktop\Universidad\Cuarto\1Cuatri\Arquitectura de diseño y sistemas web\apache-tomcat-9.0.41\webapps\docs] has finished in [68] ms
09-Jan-2021 23:47:29.441 INFORMACIÓN [main] org.apache.catalina.startup.HostConfig.deployDirectory Desplegando el directorio [E:\Users\david\Desktop\Universidad\Cuarto\1Cuatri\Arquitectura de diseño y sistemas web\apache-tomcat-9.0.41\webapps\examples] de la aplicación web
09-Jan-2021 23:47:30.707 INFORMACIÓN [main] org.apache.catalina.startup.HostConfig.deployDirectory Deployment of web application directory [E:\Users\david\Desktop\Universidad\Cuarto\1Cuatri\Arquitectura de diseño y sistemas web\apache-tomcat-9.0.41\webapps\examples] has finished in [1.266] ms
09-Jan-2021 23:47:30.709 INFORMACIÓN [main] org.apache.catalina.startup.HostConfig.deployDirectory Desplegando el directorio [E:\Users\david\Desktop\Universidad\Cuarto\1Cuatri\Arquitectura de diseño y sistemas web\apache-tomcat-9.0.41\webapps\host-manager] de la aplicación web
09-Jan-2021 23:47:30.846 INFORMACIÓN [main] org.apache.catalina.startup.HostConfig.deployDirectory Deployment of web application directory [E:\Users\david\Desktop\Universidad\Cuarto\1Cuatri\Arquitectura de diseño y sistemas web\apache-tomcat-9.0.41\webapps\host-manager] has finished in [138] ms
09-Jan-2021 23:47:30.847 INFORMACIÓN [main] org.apache.catalina.startup.HostConfig.deployDirectory Desplegando el directorio [E:\Users\david\Desktop\Universidad\Cuarto\1Cuatri\Arquitectura de diseño y sistemas web\apache-tomcat-9.0.41\webapps\manager] de la aplicación web
09-Jan-2021 23:47:30.931 INFORMACIÓN [main] org.apache.catalina.startup.HostConfig.deployDirectory Deployment of web application directory [E:\Users\david\Desktop\Universidad\Cuarto\1Cuatri\Arquitectura de diseño y sistemas web\apache-tomcat-9.0.41\webapps\manager] has finished in [84] ms
09-Jan-2021 23:47:30.932 INFORMACIÓN [main] org.apache.catalina.startup.HostConfig.deployDirectory Desplegando el directorio [E:\Users\david\Desktop\Universidad\Cuarto\1Cuatri\Arquitectura de diseño y sistemas web\apache-tomcat-9.0.41\webapps\ROOT] de la aplicación web
09-Jan-2021 23:47:30.986 INFORMACIÓN [main] org.apache.catalina.startup.HostConfig.deployDirectory Deployment of web application directory [E:\Users\david\Desktop\Universidad\Cuarto\1Cuatri\Arquitectura de diseño y sistemas web\apache-tomcat-9.0.41\webapps\ROOT] has finished in [54] ms
09-Jan-2021 23:47:30.991 INFORMACIÓN [main] org.apache.coyote.AbstractProtocol.start Starting ProtocolHandler ["http-nio-8081"]
09-Jan-2021 23:47:31.012 INFORMACIÓN [main] org.apache.catalina.startup.Catalina.start Server startup in [2461] milliseconds
