12-Jan-2021 00:01:04.106 INFORMACIÓN [main] org.apache.catalina.core.StandardServer.await Se ha recibido un comando de apagado a través del puerto de apagado. Parando la instancia del Servidor.
12-Jan-2021 00:01:04.108 INFORMACIÓN [main] org.apache.coyote.AbstractProtocol.pause Pausing ProtocolHandler ["http-nio-8081"]
12-Jan-2021 00:01:05.232 INFORMACIÓN [main] org.apache.catalina.core.StandardService.stopInternal Parando servicio [Catalina]
12-Jan-2021 00:01:05.414 INFORMACIÓN [main] org.apache.coyote.AbstractProtocol.stop Stopping ProtocolHandler ["http-nio-8081"]
12-Jan-2021 00:01:05.463 INFORMACIÓN [main] org.apache.coyote.AbstractProtocol.destroy Destroying ProtocolHandler ["http-nio-8081"]
12-Jan-2021 18:31:08.005 INFORMACIÓN [main] org.apache.catalina.startup.VersionLoggerListener.log Nombre de la versión del servidor: Apache Tomcat/9.0.41
12-Jan-2021 18:31:08.008 INFORMACIÓN [main] org.apache.catalina.startup.VersionLoggerListener.log Server built:                      Dec 3 2020 11:43:00 UTC
12-Jan-2021 18:31:08.008 INFORMACIÓN [main] org.apache.catalina.startup.VersionLoggerListener.log Número de versión de servidor:     9.0.41.0
12-Jan-2021 18:31:08.008 INFORMACIÓN [main] org.apache.catalina.startup.VersionLoggerListener.log OS Name:                           Windows 10
12-Jan-2021 18:31:08.008 INFORMACIÓN [main] org.apache.catalina.startup.VersionLoggerListener.log Versión de Systema Operativo:      10.0
12-Jan-2021 18:31:08.008 INFORMACIÓN [main] org.apache.catalina.startup.VersionLoggerListener.log Arquitectura:                      amd64
12-Jan-2021 18:31:08.008 INFORMACIÓN [main] org.apache.catalina.startup.VersionLoggerListener.log Java Home:                         C:\Program Files\Java\jdk1.8.0_111\jre
12-Jan-2021 18:31:08.008 INFORMACIÓN [main] org.apache.catalina.startup.VersionLoggerListener.log JVM Version:                       1.8.0_111-b14
12-Jan-2021 18:31:08.009 INFORMACIÓN [main] org.apache.catalina.startup.VersionLoggerListener.log Vededor JVM:                       Oracle Corporation
12-Jan-2021 18:31:08.009 INFORMACIÓN [main] org.apache.catalina.startup.VersionLoggerListener.log CATALINA_BASE:                     E:\Users\david\Desktop\Universidad\Cuarto\1Cuatri\Arquitectura de diseño y sistemas web\apache-tomcat-9.0.41
12-Jan-2021 18:31:08.009 INFORMACIÓN [main] org.apache.catalina.startup.VersionLoggerListener.log CATALINA_HOME:                     E:\Users\david\Desktop\Universidad\Cuarto\1Cuatri\Arquitectura de diseño y sistemas web\apache-tomcat-9.0.41
12-Jan-2021 18:31:08.011 INFORMACIÓN [main] org.apache.catalina.startup.VersionLoggerListener.log Command line argument:             -Djava.util.logging.config.file=E:\Users\david\Desktop\Universidad\Cuarto\1Cuatri\Arquitectura de diseño y sistemas web\apache-tomcat-9.0.41\conf\logging.properties
12-Jan-2021 18:31:08.012 INFORMACIÓN [main] org.apache.catalina.startup.VersionLoggerListener.log Command line argument:             -Djava.util.logging.manager=org.apache.juli.ClassLoaderLogManager
12-Jan-2021 18:31:08.012 INFORMACIÓN [main] org.apache.catalina.startup.VersionLoggerListener.log Command line argument:             -Dhttp.nonProxyHosts=localhost|127.0.0.1|DESKTOP-M29HIL5
12-Jan-2021 18:31:08.012 INFORMACIÓN [main] org.apache.catalina.startup.VersionLoggerListener.log Command line argument:             -Djdk.tls.ephemeralDHKeySize=2048
12-Jan-2021 18:31:08.012 INFORMACIÓN [main] org.apache.catalina.startup.VersionLoggerListener.log Command line argument:             -Djava.protocol.handler.pkgs=org.apache.catalina.webresources
12-Jan-2021 18:31:08.012 INFORMACIÓN [main] org.apache.catalina.startup.VersionLoggerListener.log Command line argument:             -Dignore.endorsed.dirs=
12-Jan-2021 18:31:08.012 INFORMACIÓN [main] org.apache.catalina.startup.VersionLoggerListener.log Command line argument:             -Dcatalina.base=E:\Users\david\Desktop\Universidad\Cuarto\1Cuatri\Arquitectura de diseño y sistemas web\apache-tomcat-9.0.41
12-Jan-2021 18:31:08.012 INFORMACIÓN [main] org.apache.catalina.startup.VersionLoggerListener.log Command line argument:             -Dcatalina.home=E:\Users\david\Desktop\Universidad\Cuarto\1Cuatri\Arquitectura de diseño y sistemas web\apache-tomcat-9.0.41
12-Jan-2021 18:31:08.013 INFORMACIÓN [main] org.apache.catalina.startup.VersionLoggerListener.log Command line argument:             -Djava.io.tmpdir=E:\Users\david\Desktop\Universidad\Cuarto\1Cuatri\Arquitectura de diseño y sistemas web\apache-tomcat-9.0.41\temp
12-Jan-2021 18:31:08.085 INFORMACIÓN [main] org.apache.catalina.core.AprLifecycleListener.lifecycleEvent Cargada la biblioteca nativa APR de Apache Tomcat [1.2.25] con la versión APR [1.7.0].
12-Jan-2021 18:31:08.085 INFORMACIÓN [main] org.apache.catalina.core.AprLifecycleListener.lifecycleEvent Capacidades APR: IPv6 [true], enviar fichero [true], aceptar filtros [false], aleatorio [true].
12-Jan-2021 18:31:08.144 INFORMACIÓN [main] org.apache.catalina.core.AprLifecycleListener.lifecycleEvent APR/OpenSSL configuration: useAprConnector [false], useOpenSSL [true]
12-Jan-2021 18:31:08.160 INFORMACIÓN [main] org.apache.catalina.core.AprLifecycleListener.initializeSSL OpenSSL inicializado correctamente [OpenSSL 1.1.1g  21 Apr 2020]
12-Jan-2021 18:31:08.592 INFORMACIÓN [main] org.apache.coyote.AbstractProtocol.init Inicializando el manejador de protocolo ["http-nio-8081"]

12-Jan-2021 18:31:08.912 INFORMACIÓN [main] org.apache.catalina.startup.Catalina.load Server initialization in [1171] milliseconds
12-Jan-2021 18:31:08.981 INFORMACIÓN [main] org.apache.catalina.core.StandardService.startInternal Arrancando servicio [Catalina]
12-Jan-2021 18:31:08.981 INFORMACIÓN [main] org.apache.catalina.core.StandardEngine.startInternal Starting Servlet engine: [Apache Tomcat/9.0.41]
12-Jan-2021 18:31:08.990 INFORMACIÓN [main] org.apache.catalina.startup.HostConfig.deployDescriptor Desplieque del descriptor de configuración [E:\Users\david\Desktop\Universidad\Cuarto\1Cuatri\Arquitectura de diseño y sistemas web\apache-tomcat-9.0.41\conf\Catalina\localhost\TrabajoWeb.xml]
12-Jan-2021 18:31:09.023 ADVERTENCIA [main] org.apache.catalina.startup.HostConfig.deployDescriptor The path attribute with value [/TrabajoWeb] in deployment descriptor [E:\Users\david\Desktop\Universidad\Cuarto\1Cuatri\Arquitectura de diseño y sistemas web\apache-tomcat-9.0.41\conf\Catalina\localhost\TrabajoWeb.xml] has been ignored
12-Jan-2021 18:31:09.630 INFORMACIÓN [main] org.apache.jasper.servlet.TldScanner.scanJars Al menos un JAR, que se ha explorado buscando TLDs, aún no contenía TLDs. Activar historial de depuración para este historiador para una completa lista de los JARs que fueron explorados y de los que nos se halló TLDs. Saltarse JARs no necesarios durante la exploración puede dar lugar a una mejora de tiempo significativa en el arranque y compilación de JSP .
12-Jan-2021 18:31:09.711 INFORMACIÓN [main] org.apache.catalina.startup.HostConfig.deployDescriptor Deployment of deployment descriptor [E:\Users\david\Desktop\Universidad\Cuarto\1Cuatri\Arquitectura de diseño y sistemas web\apache-tomcat-9.0.41\conf\Catalina\localhost\TrabajoWeb.xml] has finished in [719] ms
12-Jan-2021 18:31:09.712 INFORMACIÓN [main] org.apache.catalina.startup.HostConfig.deployDirectory Desplegando el directorio [E:\Users\david\Desktop\Universidad\Cuarto\1Cuatri\Arquitectura de diseño y sistemas web\apache-tomcat-9.0.41\webapps\docs] de la aplicación web
12-Jan-2021 18:31:09.804 INFORMACIÓN [main] org.apache.catalina.startup.HostConfig.deployDirectory Deployment of web application directory [E:\Users\david\Desktop\Universidad\Cuarto\1Cuatri\Arquitectura de diseño y sistemas web\apache-tomcat-9.0.41\webapps\docs] has finished in [92] ms
12-Jan-2021 18:31:09.804 INFORMACIÓN [main] org.apache.catalina.startup.HostConfig.deployDirectory Desplegando el directorio [E:\Users\david\Desktop\Universidad\Cuarto\1Cuatri\Arquitectura de diseño y sistemas web\apache-tomcat-9.0.41\webapps\examples] de la aplicación web
12-Jan-2021 18:31:11.785 INFORMACIÓN [main] org.apache.catalina.startup.HostConfig.deployDirectory Deployment of web application directory [E:\Users\david\Desktop\Universidad\Cuarto\1Cuatri\Arquitectura de diseño y sistemas web\apache-tomcat-9.0.41\webapps\examples] has finished in [1.981] ms
12-Jan-2021 18:31:11.785 INFORMACIÓN [main] org.apache.catalina.startup.HostConfig.deployDirectory Desplegando el directorio [E:\Users\david\Desktop\Universidad\Cuarto\1Cuatri\Arquitectura de diseño y sistemas web\apache-tomcat-9.0.41\webapps\host-manager] de la aplicación web
12-Jan-2021 18:31:11.893 INFORMACIÓN [main] org.apache.catalina.startup.HostConfig.deployDirectory Deployment of web application directory [E:\Users\david\Desktop\Universidad\Cuarto\1Cuatri\Arquitectura de diseño y sistemas web\apache-tomcat-9.0.41\webapps\host-manager] has finished in [108] ms
12-Jan-2021 18:31:11.893 INFORMACIÓN [main] org.apache.catalina.startup.HostConfig.deployDirectory Desplegando el directorio [E:\Users\david\Desktop\Universidad\Cuarto\1Cuatri\Arquitectura de diseño y sistemas web\apache-tomcat-9.0.41\webapps\manager] de la aplicación web
12-Jan-2021 18:31:11.979 INFORMACIÓN [main] org.apache.catalina.startup.HostConfig.deployDirectory Deployment of web application directory [E:\Users\david\Desktop\Universidad\Cuarto\1Cuatri\Arquitectura de diseño y sistemas web\apache-tomcat-9.0.41\webapps\manager] has finished in [85] ms
12-Jan-2021 18:31:11.979 INFORMACIÓN [main] org.apache.catalina.startup.HostConfig.deployDirectory Desplegando el directorio [E:\Users\david\Desktop\Universidad\Cuarto\1Cuatri\Arquitectura de diseño y sistemas web\apache-tomcat-9.0.41\webapps\ROOT] de la aplicación web
12-Jan-2021 18:31:12.406 INFORMACIÓN [main] org.apache.catalina.startup.HostConfig.deployDirectory Deployment of web application directory [E:\Users\david\Desktop\Universidad\Cuarto\1Cuatri\Arquitectura de diseño y sistemas web\apache-tomcat-9.0.41\webapps\ROOT] has finished in [427] ms
12-Jan-2021 18:31:12.412 INFORMACIÓN [main] org.apache.coyote.AbstractProtocol.start Starting ProtocolHandler ["http-nio-8081"]
12-Jan-2021 18:31:12.429 INFORMACIÓN [main] org.apache.catalina.startup.Catalina.start Server startup in [3517] milliseconds
12-Jan-2021 20:35:59.232 INFORMACIÓN [main] org.apache.catalina.core.StandardServer.await Se ha recibido un comando de apagado a través del puerto de apagado. Parando la instancia del Servidor.
12-Jan-2021 20:35:59.233 INFORMACIÓN [main] org.apache.coyote.AbstractProtocol.pause Pausing ProtocolHandler ["http-nio-8081"]
12-Jan-2021 20:35:59.500 INFORMACIÓN [main] org.apache.catalina.core.StandardService.stopInternal Parando servicio [Catalina]
12-Jan-2021 20:35:59.542 INFORMACIÓN [main] org.apache.coyote.AbstractProtocol.stop Stopping ProtocolHandler ["http-nio-8081"]
12-Jan-2021 20:35:59.553 INFORMACIÓN [main] org.apache.coyote.AbstractProtocol.destroy Destroying ProtocolHandler ["http-nio-8081"]
12-Jan-2021 20:36:09.137 INFORMACIÓN [main] org.apache.catalina.startup.VersionLoggerListener.log Nombre de la versión del servidor: Apache Tomcat/9.0.41
12-Jan-2021 20:36:09.141 INFORMACIÓN [main] org.apache.catalina.startup.VersionLoggerListener.log Server built:                      Dec 3 2020 11:43:00 UTC
12-Jan-2021 20:36:09.141 INFORMACIÓN [main] org.apache.catalina.startup.VersionLoggerListener.log Número de versión de servidor:     9.0.41.0
12-Jan-2021 20:36:09.141 INFORMACIÓN [main] org.apache.catalina.startup.VersionLoggerListener.log OS Name:                           Windows 10
12-Jan-2021 20:36:09.141 INFORMACIÓN [main] org.apache.catalina.startup.VersionLoggerListener.log Versión de Systema Operativo:      10.0
12-Jan-2021 20:36:09.141 INFORMACIÓN [main] org.apache.catalina.startup.VersionLoggerListener.log Arquitectura:                      amd64
12-Jan-2021 20:36:09.141 INFORMACIÓN [main] org.apache.catalina.startup.VersionLoggerListener.log Java Home:                         C:\Program Files\Java\jdk1.8.0_111\jre
12-Jan-2021 20:36:09.141 INFORMACIÓN [main] org.apache.catalina.startup.VersionLoggerListener.log JVM Version:                       1.8.0_111-b14
12-Jan-2021 20:36:09.142 INFORMACIÓN [main] org.apache.catalina.startup.VersionLoggerListener.log Vededor JVM:                       Oracle Corporation
12-Jan-2021 20:36:09.142 INFORMACIÓN [main] org.apache.catalina.startup.VersionLoggerListener.log CATALINA_BASE:                     E:\Users\david\Desktop\Universidad\Cuarto\1Cuatri\Arquitectura de diseño y sistemas web\apache-tomcat-9.0.41
12-Jan-2021 20:36:09.142 INFORMACIÓN [main] org.apache.catalina.startup.VersionLoggerListener.log CATALINA_HOME:                     E:\Users\david\Desktop\Universidad\Cuarto\1Cuatri\Arquitectura de diseño y sistemas web\apache-tomcat-9.0.41
12-Jan-2021 20:36:09.146 INFORMACIÓN [main] org.apache.catalina.startup.VersionLoggerListener.log Command line argument:             -Djava.util.logging.config.file=E:\Users\david\Desktop\Universidad\Cuarto\1Cuatri\Arquitectura de diseño y sistemas web\apache-tomcat-9.0.41\conf\logging.properties
12-Jan-2021 20:36:09.146 INFORMACIÓN [main] org.apache.catalina.startup.VersionLoggerListener.log Command line argument:             -Djava.util.logging.manager=org.apache.juli.ClassLoaderLogManager
12-Jan-2021 20:36:09.146 INFORMACIÓN [main] org.apache.catalina.startup.VersionLoggerListener.log Command line argument:             -Dhttp.nonProxyHosts=localhost|127.0.0.1|DESKTOP-M29HIL5
12-Jan-2021 20:36:09.146 INFORMACIÓN [main] org.apache.catalina.startup.VersionLoggerListener.log Command line argument:             -Djdk.tls.ephemeralDHKeySize=2048
12-Jan-2021 20:36:09.146 INFORMACIÓN [main] org.apache.catalina.startup.VersionLoggerListener.log Command line argument:             -Djava.protocol.handler.pkgs=org.apache.catalina.webresources
12-Jan-2021 20:36:09.147 INFORMACIÓN [main] org.apache.catalina.startup.VersionLoggerListener.log Command line argument:             -Dignore.endorsed.dirs=
12-Jan-2021 20:36:09.147 INFORMACIÓN [main] org.apache.catalina.startup.VersionLoggerListener.log Command line argument:             -Dcatalina.base=E:\Users\david\Desktop\Universidad\Cuarto\1Cuatri\Arquitectura de diseño y sistemas web\apache-tomcat-9.0.41
12-Jan-2021 20:36:09.147 INFORMACIÓN [main] org.apache.catalina.startup.VersionLoggerListener.log Command line argument:             -Dcatalina.home=E:\Users\david\Desktop\Universidad\Cuarto\1Cuatri\Arquitectura de diseño y sistemas web\apache-tomcat-9.0.41
12-Jan-2021 20:36:09.147 INFORMACIÓN [main] org.apache.catalina.startup.VersionLoggerListener.log Command line argument:             -Djava.io.tmpdir=E:\Users\david\Desktop\Universidad\Cuarto\1Cuatri\Arquitectura de diseño y sistemas web\apache-tomcat-9.0.41\temp
12-Jan-2021 20:36:09.242 INFORMACIÓN [main] org.apache.catalina.core.AprLifecycleListener.lifecycleEvent Cargada la biblioteca nativa APR de Apache Tomcat [1.2.25] con la versión APR [1.7.0].
12-Jan-2021 20:36:09.242 INFORMACIÓN [main] org.apache.catalina.core.AprLifecycleListener.lifecycleEvent Capacidades APR: IPv6 [true], enviar fichero [true], aceptar filtros [false], aleatorio [true].
12-Jan-2021 20:36:09.254 INFORMACIÓN [main] org.apache.catalina.core.AprLifecycleListener.lifecycleEvent APR/OpenSSL configuration: useAprConnector [false], useOpenSSL [true]
12-Jan-2021 20:36:09.271 INFORMACIÓN [main] org.apache.catalina.core.AprLifecycleListener.initializeSSL OpenSSL inicializado correctamente [OpenSSL 1.1.1g  21 Apr 2020]
12-Jan-2021 20:36:10.095 INFORMACIÓN [main] org.apache.coyote.AbstractProtocol.init Inicializando el manejador de protocolo ["http-nio-8081"]

12-Jan-2021 20:36:10.547 INFORMACIÓN [main] org.apache.catalina.startup.Catalina.load Server initialization in [1801] milliseconds
12-Jan-2021 20:36:10.604 INFORMACIÓN [main] org.apache.catalina.core.StandardService.startInternal Arrancando servicio [Catalina]
12-Jan-2021 20:36:10.604 INFORMACIÓN [main] org.apache.catalina.core.StandardEngine.startInternal Starting Servlet engine: [Apache Tomcat/9.0.41]
12-Jan-2021 20:36:10.617 INFORMACIÓN [main] org.apache.catalina.startup.HostConfig.deployDescriptor Desplieque del descriptor de configuración [E:\Users\david\Desktop\Universidad\Cuarto\1Cuatri\Arquitectura de diseño y sistemas web\apache-tomcat-9.0.41\conf\Catalina\localhost\TrabajoWeb.xml]
12-Jan-2021 20:36:10.645 ADVERTENCIA [main] org.apache.catalina.startup.HostConfig.deployDescriptor The path attribute with value [/TrabajoWeb] in deployment descriptor [E:\Users\david\Desktop\Universidad\Cuarto\1Cuatri\Arquitectura de diseño y sistemas web\apache-tomcat-9.0.41\conf\Catalina\localhost\TrabajoWeb.xml] has been ignored
12-Jan-2021 20:36:11.379 INFORMACIÓN [main] org.apache.jasper.servlet.TldScanner.scanJars Al menos un JAR, que se ha explorado buscando TLDs, aún no contenía TLDs. Activar historial de depuración para este historiador para una completa lista de los JARs que fueron explorados y de los que nos se halló TLDs. Saltarse JARs no necesarios durante la exploración puede dar lugar a una mejora de tiempo significativa en el arranque y compilación de JSP .
12-Jan-2021 20:36:11.539 INFORMACIÓN [main] org.apache.catalina.startup.HostConfig.deployDescriptor Deployment of deployment descriptor [E:\Users\david\Desktop\Universidad\Cuarto\1Cuatri\Arquitectura de diseño y sistemas web\apache-tomcat-9.0.41\conf\Catalina\localhost\TrabajoWeb.xml] has finished in [918] ms
12-Jan-2021 20:36:11.542 INFORMACIÓN [main] org.apache.catalina.startup.HostConfig.deployDirectory Desplegando el directorio [E:\Users\david\Desktop\Universidad\Cuarto\1Cuatri\Arquitectura de diseño y sistemas web\apache-tomcat-9.0.41\webapps\docs] de la aplicación web
12-Jan-2021 20:36:11.697 INFORMACIÓN [main] org.apache.catalina.startup.HostConfig.deployDirectory Deployment of web application directory [E:\Users\david\Desktop\Universidad\Cuarto\1Cuatri\Arquitectura de diseño y sistemas web\apache-tomcat-9.0.41\webapps\docs] has finished in [154] ms
12-Jan-2021 20:36:11.697 INFORMACIÓN [main] org.apache.catalina.startup.HostConfig.deployDirectory Desplegando el directorio [E:\Users\david\Desktop\Universidad\Cuarto\1Cuatri\Arquitectura de diseño y sistemas web\apache-tomcat-9.0.41\webapps\examples] de la aplicación web
12-Jan-2021 20:36:13.744 INFORMACIÓN [main] org.apache.catalina.startup.HostConfig.deployDirectory Deployment of web application directory [E:\Users\david\Desktop\Universidad\Cuarto\1Cuatri\Arquitectura de diseño y sistemas web\apache-tomcat-9.0.41\webapps\examples] has finished in [2.047] ms
12-Jan-2021 20:36:13.745 INFORMACIÓN [main] org.apache.catalina.startup.HostConfig.deployDirectory Desplegando el directorio [E:\Users\david\Desktop\Universidad\Cuarto\1Cuatri\Arquitectura de diseño y sistemas web\apache-tomcat-9.0.41\webapps\host-manager] de la aplicación web
12-Jan-2021 20:36:13.972 INFORMACIÓN [main] org.apache.catalina.startup.HostConfig.deployDirectory Deployment of web application directory [E:\Users\david\Desktop\Universidad\Cuarto\1Cuatri\Arquitectura de diseño y sistemas web\apache-tomcat-9.0.41\webapps\host-manager] has finished in [227] ms
12-Jan-2021 20:36:13.972 INFORMACIÓN [main] org.apache.catalina.startup.HostConfig.deployDirectory Desplegando el directorio [E:\Users\david\Desktop\Universidad\Cuarto\1Cuatri\Arquitectura de diseño y sistemas web\apache-tomcat-9.0.41\webapps\manager] de la aplicación web
12-Jan-2021 20:36:14.121 INFORMACIÓN [main] org.apache.catalina.startup.HostConfig.deployDirectory Deployment of web application directory [E:\Users\david\Desktop\Universidad\Cuarto\1Cuatri\Arquitectura de diseño y sistemas web\apache-tomcat-9.0.41\webapps\manager] has finished in [149] ms
12-Jan-2021 20:36:14.122 INFORMACIÓN [main] org.apache.catalina.startup.HostConfig.deployDirectory Desplegando el directorio [E:\Users\david\Desktop\Universidad\Cuarto\1Cuatri\Arquitectura de diseño y sistemas web\apache-tomcat-9.0.41\webapps\ROOT] de la aplicación web
12-Jan-2021 20:36:14.201 INFORMACIÓN [main] org.apache.catalina.startup.HostConfig.deployDirectory Deployment of web application directory [E:\Users\david\Desktop\Universidad\Cuarto\1Cuatri\Arquitectura de diseño y sistemas web\apache-tomcat-9.0.41\webapps\ROOT] has finished in [79] ms
12-Jan-2021 20:36:14.209 INFORMACIÓN [main] org.apache.coyote.AbstractProtocol.start Starting ProtocolHandler ["http-nio-8081"]
12-Jan-2021 20:36:14.241 INFORMACIÓN [main] org.apache.catalina.startup.Catalina.start Server startup in [3693] milliseconds
12-Jan-2021 20:51:31.995 INFORMACIÓN [main] org.apache.catalina.core.StandardServer.await Se ha recibido un comando de apagado a través del puerto de apagado. Parando la instancia del Servidor.
12-Jan-2021 20:51:31.996 INFORMACIÓN [main] org.apache.coyote.AbstractProtocol.pause Pausing ProtocolHandler ["http-nio-8081"]
12-Jan-2021 20:51:32.245 INFORMACIÓN [main] org.apache.catalina.core.StandardService.stopInternal Parando servicio [Catalina]
12-Jan-2021 20:51:32.279 INFORMACIÓN [main] org.apache.coyote.AbstractProtocol.stop Stopping ProtocolHandler ["http-nio-8081"]
12-Jan-2021 20:51:32.296 INFORMACIÓN [main] org.apache.coyote.AbstractProtocol.destroy Destroying ProtocolHandler ["http-nio-8081"]
12-Jan-2021 20:51:47.139 INFORMACIÓN [main] org.apache.catalina.startup.VersionLoggerListener.log Nombre de la versión del servidor: Apache Tomcat/9.0.41
12-Jan-2021 20:51:47.141 INFORMACIÓN [main] org.apache.catalina.startup.VersionLoggerListener.log Server built:                      Dec 3 2020 11:43:00 UTC
12-Jan-2021 20:51:47.141 INFORMACIÓN [main] org.apache.catalina.startup.VersionLoggerListener.log Número de versión de servidor:     9.0.41.0
12-Jan-2021 20:51:47.142 INFORMACIÓN [main] org.apache.catalina.startup.VersionLoggerListener.log OS Name:                           Windows 10
12-Jan-2021 20:51:47.142 INFORMACIÓN [main] org.apache.catalina.startup.VersionLoggerListener.log Versión de Systema Operativo:      10.0
12-Jan-2021 20:51:47.142 INFORMACIÓN [main] org.apache.catalina.startup.VersionLoggerListener.log Arquitectura:                      amd64
12-Jan-2021 20:51:47.142 INFORMACIÓN [main] org.apache.catalina.startup.VersionLoggerListener.log Java Home:                         C:\Program Files\Java\jdk1.8.0_111\jre
12-Jan-2021 20:51:47.142 INFORMACIÓN [main] org.apache.catalina.startup.VersionLoggerListener.log JVM Version:                       1.8.0_111-b14
12-Jan-2021 20:51:47.142 INFORMACIÓN [main] org.apache.catalina.startup.VersionLoggerListener.log Vededor JVM:                       Oracle Corporation
12-Jan-2021 20:51:47.142 INFORMACIÓN [main] org.apache.catalina.startup.VersionLoggerListener.log CATALINA_BASE:                     E:\Users\david\Desktop\Universidad\Cuarto\1Cuatri\Arquitectura de diseño y sistemas web\apache-tomcat-9.0.41
12-Jan-2021 20:51:47.142 INFORMACIÓN [main] org.apache.catalina.startup.VersionLoggerListener.log CATALINA_HOME:                     E:\Users\david\Desktop\Universidad\Cuarto\1Cuatri\Arquitectura de diseño y sistemas web\apache-tomcat-9.0.41
12-Jan-2021 20:51:47.145 INFORMACIÓN [main] org.apache.catalina.startup.VersionLoggerListener.log Command line argument:             -Djava.util.logging.config.file=E:\Users\david\Desktop\Universidad\Cuarto\1Cuatri\Arquitectura de diseño y sistemas web\apache-tomcat-9.0.41\conf\logging.properties
12-Jan-2021 20:51:47.145 INFORMACIÓN [main] org.apache.catalina.startup.VersionLoggerListener.log Command line argument:             -Djava.util.logging.manager=org.apache.juli.ClassLoaderLogManager
12-Jan-2021 20:51:47.145 INFORMACIÓN [main] org.apache.catalina.startup.VersionLoggerListener.log Command line argument:             -Dhttp.nonProxyHosts=localhost|127.0.0.1|DESKTOP-M29HIL5
12-Jan-2021 20:51:47.145 INFORMACIÓN [main] org.apache.catalina.startup.VersionLoggerListener.log Command line argument:             -Djdk.tls.ephemeralDHKeySize=2048
12-Jan-2021 20:51:47.145 INFORMACIÓN [main] org.apache.catalina.startup.VersionLoggerListener.log Command line argument:             -Djava.protocol.handler.pkgs=org.apache.catalina.webresources
12-Jan-2021 20:51:47.145 INFORMACIÓN [main] org.apache.catalina.startup.VersionLoggerListener.log Command line argument:             -Dignore.endorsed.dirs=
12-Jan-2021 20:51:47.145 INFORMACIÓN [main] org.apache.catalina.startup.VersionLoggerListener.log Command line argument:             -Dcatalina.base=E:\Users\david\Desktop\Universidad\Cuarto\1Cuatri\Arquitectura de diseño y sistemas web\apache-tomcat-9.0.41
12-Jan-2021 20:51:47.145 INFORMACIÓN [main] org.apache.catalina.startup.VersionLoggerListener.log Command line argument:             -Dcatalina.home=E:\Users\david\Desktop\Universidad\Cuarto\1Cuatri\Arquitectura de diseño y sistemas web\apache-tomcat-9.0.41
12-Jan-2021 20:51:47.146 INFORMACIÓN [main] org.apache.catalina.startup.VersionLoggerListener.log Command line argument:             -Djava.io.tmpdir=E:\Users\david\Desktop\Universidad\Cuarto\1Cuatri\Arquitectura de diseño y sistemas web\apache-tomcat-9.0.41\temp
12-Jan-2021 20:51:47.151 INFORMACIÓN [main] org.apache.catalina.core.AprLifecycleListener.lifecycleEvent Cargada la biblioteca nativa APR de Apache Tomcat [1.2.25] con la versión APR [1.7.0].
12-Jan-2021 20:51:47.151 INFORMACIÓN [main] org.apache.catalina.core.AprLifecycleListener.lifecycleEvent Capacidades APR: IPv6 [true], enviar fichero [true], aceptar filtros [false], aleatorio [true].
12-Jan-2021 20:51:47.287 INFORMACIÓN [main] org.apache.catalina.core.AprLifecycleListener.lifecycleEvent APR/OpenSSL configuration: useAprConnector [false], useOpenSSL [true]
12-Jan-2021 20:51:47.301 INFORMACIÓN [main] org.apache.catalina.core.AprLifecycleListener.initializeSSL OpenSSL inicializado correctamente [OpenSSL 1.1.1g  21 Apr 2020]
12-Jan-2021 20:51:47.978 INFORMACIÓN [main] org.apache.coyote.AbstractProtocol.init Inicializando el manejador de protocolo ["http-nio-8081"]

12-Jan-2021 20:51:48.389 INFORMACIÓN [main] org.apache.catalina.startup.Catalina.load Server initialization in [1620] milliseconds
12-Jan-2021 20:51:48.458 INFORMACIÓN [main] org.apache.catalina.core.StandardService.startInternal Arrancando servicio [Catalina]
12-Jan-2021 20:51:48.458 INFORMACIÓN [main] org.apache.catalina.core.StandardEngine.startInternal Starting Servlet engine: [Apache Tomcat/9.0.41]
12-Jan-2021 20:51:48.472 INFORMACIÓN [main] org.apache.catalina.startup.HostConfig.deployDescriptor Desplieque del descriptor de configuración [E:\Users\david\Desktop\Universidad\Cuarto\1Cuatri\Arquitectura de diseño y sistemas web\apache-tomcat-9.0.41\conf\Catalina\localhost\TrabajoWeb.xml]
12-Jan-2021 20:51:48.489 ADVERTENCIA [main] org.apache.catalina.startup.HostConfig.deployDescriptor The path attribute with value [/TrabajoWeb] in deployment descriptor [E:\Users\david\Desktop\Universidad\Cuarto\1Cuatri\Arquitectura de diseño y sistemas web\apache-tomcat-9.0.41\conf\Catalina\localhost\TrabajoWeb.xml] has been ignored
12-Jan-2021 20:51:49.117 INFORMACIÓN [main] org.apache.jasper.servlet.TldScanner.scanJars Al menos un JAR, que se ha explorado buscando TLDs, aún no contenía TLDs. Activar historial de depuración para este historiador para una completa lista de los JARs que fueron explorados y de los que nos se halló TLDs. Saltarse JARs no necesarios durante la exploración puede dar lugar a una mejora de tiempo significativa en el arranque y compilación de JSP .
12-Jan-2021 20:51:49.275 INFORMACIÓN [main] org.apache.catalina.startup.HostConfig.deployDescriptor Deployment of deployment descriptor [E:\Users\david\Desktop\Universidad\Cuarto\1Cuatri\Arquitectura de diseño y sistemas web\apache-tomcat-9.0.41\conf\Catalina\localhost\TrabajoWeb.xml] has finished in [802] ms
12-Jan-2021 20:51:49.277 INFORMACIÓN [main] org.apache.catalina.startup.HostConfig.deployDirectory Desplegando el directorio [E:\Users\david\Desktop\Universidad\Cuarto\1Cuatri\Arquitectura de diseño y sistemas web\apache-tomcat-9.0.41\webapps\docs] de la aplicación web
12-Jan-2021 20:51:49.354 INFORMACIÓN [main] org.apache.catalina.startup.HostConfig.deployDirectory Deployment of web application directory [E:\Users\david\Desktop\Universidad\Cuarto\1Cuatri\Arquitectura de diseño y sistemas web\apache-tomcat-9.0.41\webapps\docs] has finished in [77] ms
12-Jan-2021 20:51:49.355 INFORMACIÓN [main] org.apache.catalina.startup.HostConfig.deployDirectory Desplegando el directorio [E:\Users\david\Desktop\Universidad\Cuarto\1Cuatri\Arquitectura de diseño y sistemas web\apache-tomcat-9.0.41\webapps\examples] de la aplicación web
12-Jan-2021 20:51:50.095 INFORMACIÓN [main] org.apache.catalina.startup.HostConfig.deployDirectory Deployment of web application directory [E:\Users\david\Desktop\Universidad\Cuarto\1Cuatri\Arquitectura de diseño y sistemas web\apache-tomcat-9.0.41\webapps\examples] has finished in [739] ms
12-Jan-2021 20:51:50.095 INFORMACIÓN [main] org.apache.catalina.startup.HostConfig.deployDirectory Desplegando el directorio [E:\Users\david\Desktop\Universidad\Cuarto\1Cuatri\Arquitectura de diseño y sistemas web\apache-tomcat-9.0.41\webapps\host-manager] de la aplicación web
12-Jan-2021 20:51:50.159 INFORMACIÓN [main] org.apache.catalina.startup.HostConfig.deployDirectory Deployment of web application directory [E:\Users\david\Desktop\Universidad\Cuarto\1Cuatri\Arquitectura de diseño y sistemas web\apache-tomcat-9.0.41\webapps\host-manager] has finished in [64] ms
12-Jan-2021 20:51:50.159 INFORMACIÓN [main] org.apache.catalina.startup.HostConfig.deployDirectory Desplegando el directorio [E:\Users\david\Desktop\Universidad\Cuarto\1Cuatri\Arquitectura de diseño y sistemas web\apache-tomcat-9.0.41\webapps\manager] de la aplicación web
12-Jan-2021 20:51:50.248 INFORMACIÓN [main] org.apache.catalina.startup.HostConfig.deployDirectory Deployment of web application directory [E:\Users\david\Desktop\Universidad\Cuarto\1Cuatri\Arquitectura de diseño y sistemas web\apache-tomcat-9.0.41\webapps\manager] has finished in [89] ms
12-Jan-2021 20:51:50.249 INFORMACIÓN [main] org.apache.catalina.startup.HostConfig.deployDirectory Desplegando el directorio [E:\Users\david\Desktop\Universidad\Cuarto\1Cuatri\Arquitectura de diseño y sistemas web\apache-tomcat-9.0.41\webapps\ROOT] de la aplicación web
12-Jan-2021 20:51:50.311 INFORMACIÓN [main] org.apache.catalina.startup.HostConfig.deployDirectory Deployment of web application directory [E:\Users\david\Desktop\Universidad\Cuarto\1Cuatri\Arquitectura de diseño y sistemas web\apache-tomcat-9.0.41\webapps\ROOT] has finished in [61] ms
12-Jan-2021 20:51:50.316 INFORMACIÓN [main] org.apache.coyote.AbstractProtocol.start Starting ProtocolHandler ["http-nio-8081"]
12-Jan-2021 20:51:50.344 INFORMACIÓN [main] org.apache.catalina.startup.Catalina.start Server startup in [1955] milliseconds
12-Jan-2021 20:55:54.574 INFORMACIÓN [main] org.apache.catalina.core.StandardServer.await Se ha recibido un comando de apagado a través del puerto de apagado. Parando la instancia del Servidor.
12-Jan-2021 20:55:54.574 INFORMACIÓN [main] org.apache.coyote.AbstractProtocol.pause Pausing ProtocolHandler ["http-nio-8081"]
12-Jan-2021 20:55:54.907 INFORMACIÓN [main] org.apache.catalina.core.StandardService.stopInternal Parando servicio [Catalina]
12-Jan-2021 20:55:54.997 INFORMACIÓN [main] org.apache.coyote.AbstractProtocol.stop Stopping ProtocolHandler ["http-nio-8081"]
12-Jan-2021 20:55:55.028 INFORMACIÓN [main] org.apache.coyote.AbstractProtocol.destroy Destroying ProtocolHandler ["http-nio-8081"]
12-Jan-2021 20:56:09.563 INFORMACIÓN [main] org.apache.catalina.startup.VersionLoggerListener.log Nombre de la versión del servidor: Apache Tomcat/9.0.41
12-Jan-2021 20:56:09.569 INFORMACIÓN [main] org.apache.catalina.startup.VersionLoggerListener.log Server built:                      Dec 3 2020 11:43:00 UTC
12-Jan-2021 20:56:09.569 INFORMACIÓN [main] org.apache.catalina.startup.VersionLoggerListener.log Número de versión de servidor:     9.0.41.0
12-Jan-2021 20:56:09.569 INFORMACIÓN [main] org.apache.catalina.startup.VersionLoggerListener.log OS Name:                           Windows 10
12-Jan-2021 20:56:09.569 INFORMACIÓN [main] org.apache.catalina.startup.VersionLoggerListener.log Versión de Systema Operativo:      10.0
12-Jan-2021 20:56:09.569 INFORMACIÓN [main] org.apache.catalina.startup.VersionLoggerListener.log Arquitectura:                      amd64
12-Jan-2021 20:56:09.569 INFORMACIÓN [main] org.apache.catalina.startup.VersionLoggerListener.log Java Home:                         C:\Program Files\Java\jdk1.8.0_111\jre
12-Jan-2021 20:56:09.570 INFORMACIÓN [main] org.apache.catalina.startup.VersionLoggerListener.log JVM Version:                       1.8.0_111-b14
12-Jan-2021 20:56:09.570 INFORMACIÓN [main] org.apache.catalina.startup.VersionLoggerListener.log Vededor JVM:                       Oracle Corporation
12-Jan-2021 20:56:09.570 INFORMACIÓN [main] org.apache.catalina.startup.VersionLoggerListener.log CATALINA_BASE:                     E:\Users\david\Desktop\Universidad\Cuarto\1Cuatri\Arquitectura de diseño y sistemas web\apache-tomcat-9.0.41
12-Jan-2021 20:56:09.570 INFORMACIÓN [main] org.apache.catalina.startup.VersionLoggerListener.log CATALINA_HOME:                     E:\Users\david\Desktop\Universidad\Cuarto\1Cuatri\Arquitectura de diseño y sistemas web\apache-tomcat-9.0.41
12-Jan-2021 20:56:09.573 INFORMACIÓN [main] org.apache.catalina.startup.VersionLoggerListener.log Command line argument:             -Djava.util.logging.config.file=E:\Users\david\Desktop\Universidad\Cuarto\1Cuatri\Arquitectura de diseño y sistemas web\apache-tomcat-9.0.41\conf\logging.properties
12-Jan-2021 20:56:09.573 INFORMACIÓN [main] org.apache.catalina.startup.VersionLoggerListener.log Command line argument:             -Djava.util.logging.manager=org.apache.juli.ClassLoaderLogManager
12-Jan-2021 20:56:09.573 INFORMACIÓN [main] org.apache.catalina.startup.VersionLoggerListener.log Command line argument:             -Dhttp.nonProxyHosts=localhost|127.0.0.1|DESKTOP-M29HIL5
12-Jan-2021 20:56:09.573 INFORMACIÓN [main] org.apache.catalina.startup.VersionLoggerListener.log Command line argument:             -Djdk.tls.ephemeralDHKeySize=2048
12-Jan-2021 20:56:09.573 INFORMACIÓN [main] org.apache.catalina.startup.VersionLoggerListener.log Command line argument:             -Djava.protocol.handler.pkgs=org.apache.catalina.webresources
12-Jan-2021 20:56:09.573 INFORMACIÓN [main] org.apache.catalina.startup.VersionLoggerListener.log Command line argument:             -Dignore.endorsed.dirs=
12-Jan-2021 20:56:09.573 INFORMACIÓN [main] org.apache.catalina.startup.VersionLoggerListener.log Command line argument:             -Dcatalina.base=E:\Users\david\Desktop\Universidad\Cuarto\1Cuatri\Arquitectura de diseño y sistemas web\apache-tomcat-9.0.41
12-Jan-2021 20:56:09.573 INFORMACIÓN [main] org.apache.catalina.startup.VersionLoggerListener.log Command line argument:             -Dcatalina.home=E:\Users\david\Desktop\Universidad\Cuarto\1Cuatri\Arquitectura de diseño y sistemas web\apache-tomcat-9.0.41
12-Jan-2021 20:56:09.574 INFORMACIÓN [main] org.apache.catalina.startup.VersionLoggerListener.log Command line argument:             -Djava.io.tmpdir=E:\Users\david\Desktop\Universidad\Cuarto\1Cuatri\Arquitectura de diseño y sistemas web\apache-tomcat-9.0.41\temp
12-Jan-2021 20:56:09.584 INFORMACIÓN [main] org.apache.catalina.core.AprLifecycleListener.lifecycleEvent Cargada la biblioteca nativa APR de Apache Tomcat [1.2.25] con la versión APR [1.7.0].
12-Jan-2021 20:56:09.584 INFORMACIÓN [main] org.apache.catalina.core.AprLifecycleListener.lifecycleEvent Capacidades APR: IPv6 [true], enviar fichero [true], aceptar filtros [false], aleatorio [true].
12-Jan-2021 20:56:09.631 INFORMACIÓN [main] org.apache.catalina.core.AprLifecycleListener.lifecycleEvent APR/OpenSSL configuration: useAprConnector [false], useOpenSSL [true]
12-Jan-2021 20:56:09.664 INFORMACIÓN [main] org.apache.catalina.core.AprLifecycleListener.initializeSSL OpenSSL inicializado correctamente [OpenSSL 1.1.1g  21 Apr 2020]
12-Jan-2021 20:56:10.506 INFORMACIÓN [main] org.apache.coyote.AbstractProtocol.init Inicializando el manejador de protocolo ["http-nio-8081"]

12-Jan-2021 20:56:10.878 INFORMACIÓN [main] org.apache.catalina.startup.Catalina.load Server initialization in [1733] milliseconds
12-Jan-2021 20:56:10.949 INFORMACIÓN [main] org.apache.catalina.core.StandardService.startInternal Arrancando servicio [Catalina]
12-Jan-2021 20:56:10.950 INFORMACIÓN [main] org.apache.catalina.core.StandardEngine.startInternal Starting Servlet engine: [Apache Tomcat/9.0.41]
12-Jan-2021 20:56:10.964 INFORMACIÓN [main] org.apache.catalina.startup.HostConfig.deployDescriptor Desplieque del descriptor de configuración [E:\Users\david\Desktop\Universidad\Cuarto\1Cuatri\Arquitectura de diseño y sistemas web\apache-tomcat-9.0.41\conf\Catalina\localhost\TrabajoWeb.xml]
12-Jan-2021 20:56:10.984 ADVERTENCIA [main] org.apache.catalina.startup.HostConfig.deployDescriptor The path attribute with value [/TrabajoWeb] in deployment descriptor [E:\Users\david\Desktop\Universidad\Cuarto\1Cuatri\Arquitectura de diseño y sistemas web\apache-tomcat-9.0.41\conf\Catalina\localhost\TrabajoWeb.xml] has been ignored
12-Jan-2021 20:56:11.706 INFORMACIÓN [main] org.apache.jasper.servlet.TldScanner.scanJars Al menos un JAR, que se ha explorado buscando TLDs, aún no contenía TLDs. Activar historial de depuración para este historiador para una completa lista de los JARs que fueron explorados y de los que nos se halló TLDs. Saltarse JARs no necesarios durante la exploración puede dar lugar a una mejora de tiempo significativa en el arranque y compilación de JSP .
12-Jan-2021 20:56:11.823 INFORMACIÓN [main] org.apache.catalina.startup.HostConfig.deployDescriptor Deployment of deployment descriptor [E:\Users\david\Desktop\Universidad\Cuarto\1Cuatri\Arquitectura de diseño y sistemas web\apache-tomcat-9.0.41\conf\Catalina\localhost\TrabajoWeb.xml] has finished in [857] ms
12-Jan-2021 20:56:11.824 INFORMACIÓN [main] org.apache.catalina.startup.HostConfig.deployDirectory Desplegando el directorio [E:\Users\david\Desktop\Universidad\Cuarto\1Cuatri\Arquitectura de diseño y sistemas web\apache-tomcat-9.0.41\webapps\docs] de la aplicación web
12-Jan-2021 20:56:11.902 INFORMACIÓN [main] org.apache.catalina.startup.HostConfig.deployDirectory Deployment of web application directory [E:\Users\david\Desktop\Universidad\Cuarto\1Cuatri\Arquitectura de diseño y sistemas web\apache-tomcat-9.0.41\webapps\docs] has finished in [78] ms
12-Jan-2021 20:56:11.903 INFORMACIÓN [main] org.apache.catalina.startup.HostConfig.deployDirectory Desplegando el directorio [E:\Users\david\Desktop\Universidad\Cuarto\1Cuatri\Arquitectura de diseño y sistemas web\apache-tomcat-9.0.41\webapps\examples] de la aplicación web
12-Jan-2021 20:56:12.799 INFORMACIÓN [main] org.apache.catalina.startup.HostConfig.deployDirectory Deployment of web application directory [E:\Users\david\Desktop\Universidad\Cuarto\1Cuatri\Arquitectura de diseño y sistemas web\apache-tomcat-9.0.41\webapps\examples] has finished in [896] ms
12-Jan-2021 20:56:12.800 INFORMACIÓN [main] org.apache.catalina.startup.HostConfig.deployDirectory Desplegando el directorio [E:\Users\david\Desktop\Universidad\Cuarto\1Cuatri\Arquitectura de diseño y sistemas web\apache-tomcat-9.0.41\webapps\host-manager] de la aplicación web
12-Jan-2021 20:56:12.916 INFORMACIÓN [main] org.apache.catalina.startup.HostConfig.deployDirectory Deployment of web application directory [E:\Users\david\Desktop\Universidad\Cuarto\1Cuatri\Arquitectura de diseño y sistemas web\apache-tomcat-9.0.41\webapps\host-manager] has finished in [116] ms
12-Jan-2021 20:56:12.917 INFORMACIÓN [main] org.apache.catalina.startup.HostConfig.deployDirectory Desplegando el directorio [E:\Users\david\Desktop\Universidad\Cuarto\1Cuatri\Arquitectura de diseño y sistemas web\apache-tomcat-9.0.41\webapps\manager] de la aplicación web
12-Jan-2021 20:56:13.009 INFORMACIÓN [main] org.apache.catalina.startup.HostConfig.deployDirectory Deployment of web application directory [E:\Users\david\Desktop\Universidad\Cuarto\1Cuatri\Arquitectura de diseño y sistemas web\apache-tomcat-9.0.41\webapps\manager] has finished in [92] ms
12-Jan-2021 20:56:13.010 INFORMACIÓN [main] org.apache.catalina.startup.HostConfig.deployDirectory Desplegando el directorio [E:\Users\david\Desktop\Universidad\Cuarto\1Cuatri\Arquitectura de diseño y sistemas web\apache-tomcat-9.0.41\webapps\ROOT] de la aplicación web
12-Jan-2021 20:56:13.080 INFORMACIÓN [main] org.apache.catalina.startup.HostConfig.deployDirectory Deployment of web application directory [E:\Users\david\Desktop\Universidad\Cuarto\1Cuatri\Arquitectura de diseño y sistemas web\apache-tomcat-9.0.41\webapps\ROOT] has finished in [69] ms
12-Jan-2021 20:56:13.086 INFORMACIÓN [main] org.apache.coyote.AbstractProtocol.start Starting ProtocolHandler ["http-nio-8081"]
12-Jan-2021 20:56:13.110 INFORMACIÓN [main] org.apache.catalina.startup.Catalina.start Server startup in [2231] milliseconds
