11-Jan-2021 18:33:51.153 INFORMACIÓN [main] org.apache.catalina.startup.VersionLoggerListener.log Nombre de la versión del servidor: Apache Tomcat/9.0.41
11-Jan-2021 18:33:51.157 INFORMACIÓN [main] org.apache.catalina.startup.VersionLoggerListener.log Server built:                      Dec 3 2020 11:43:00 UTC
11-Jan-2021 18:33:51.157 INFORMACIÓN [main] org.apache.catalina.startup.VersionLoggerListener.log Número de versión de servidor:     9.0.41.0
11-Jan-2021 18:33:51.157 INFORMACIÓN [main] org.apache.catalina.startup.VersionLoggerListener.log OS Name:                           Windows 10
11-Jan-2021 18:33:51.157 INFORMACIÓN [main] org.apache.catalina.startup.VersionLoggerListener.log Versión de Systema Operativo:      10.0
11-Jan-2021 18:33:51.157 INFORMACIÓN [main] org.apache.catalina.startup.VersionLoggerListener.log Arquitectura:                      amd64
11-Jan-2021 18:33:51.157 INFORMACIÓN [main] org.apache.catalina.startup.VersionLoggerListener.log Java Home:                         C:\Program Files\Java\jdk1.8.0_111\jre
11-Jan-2021 18:33:51.157 INFORMACIÓN [main] org.apache.catalina.startup.VersionLoggerListener.log JVM Version:                       1.8.0_111-b14
11-Jan-2021 18:33:51.157 INFORMACIÓN [main] org.apache.catalina.startup.VersionLoggerListener.log Vededor JVM:                       Oracle Corporation
11-Jan-2021 18:33:51.157 INFORMACIÓN [main] org.apache.catalina.startup.VersionLoggerListener.log CATALINA_BASE:                     E:\Users\david\Desktop\Universidad\Cuarto\1Cuatri\Arquitectura de diseño y sistemas web\apache-tomcat-9.0.41
11-Jan-2021 18:33:51.157 INFORMACIÓN [main] org.apache.catalina.startup.VersionLoggerListener.log CATALINA_HOME:                     E:\Users\david\Desktop\Universidad\Cuarto\1Cuatri\Arquitectura de diseño y sistemas web\apache-tomcat-9.0.41
11-Jan-2021 18:33:51.160 INFORMACIÓN [main] org.apache.catalina.startup.VersionLoggerListener.log Command line argument:             -Djava.util.logging.config.file=E:\Users\david\Desktop\Universidad\Cuarto\1Cuatri\Arquitectura de diseño y sistemas web\apache-tomcat-9.0.41\conf\logging.properties
11-Jan-2021 18:33:51.160 INFORMACIÓN [main] org.apache.catalina.startup.VersionLoggerListener.log Command line argument:             -Djava.util.logging.manager=org.apache.juli.ClassLoaderLogManager
11-Jan-2021 18:33:51.160 INFORMACIÓN [main] org.apache.catalina.startup.VersionLoggerListener.log Command line argument:             -Dhttp.nonProxyHosts=localhost|127.0.0.1|DESKTOP-M29HIL5
11-Jan-2021 18:33:51.160 INFORMACIÓN [main] org.apache.catalina.startup.VersionLoggerListener.log Command line argument:             -Djdk.tls.ephemeralDHKeySize=2048
11-Jan-2021 18:33:51.161 INFORMACIÓN [main] org.apache.catalina.startup.VersionLoggerListener.log Command line argument:             -Djava.protocol.handler.pkgs=org.apache.catalina.webresources
11-Jan-2021 18:33:51.161 INFORMACIÓN [main] org.apache.catalina.startup.VersionLoggerListener.log Command line argument:             -Dignore.endorsed.dirs=
11-Jan-2021 18:33:51.161 INFORMACIÓN [main] org.apache.catalina.startup.VersionLoggerListener.log Command line argument:             -Dcatalina.base=E:\Users\david\Desktop\Universidad\Cuarto\1Cuatri\Arquitectura de diseño y sistemas web\apache-tomcat-9.0.41
11-Jan-2021 18:33:51.161 INFORMACIÓN [main] org.apache.catalina.startup.VersionLoggerListener.log Command line argument:             -Dcatalina.home=E:\Users\david\Desktop\Universidad\Cuarto\1Cuatri\Arquitectura de diseño y sistemas web\apache-tomcat-9.0.41
11-Jan-2021 18:33:51.161 INFORMACIÓN [main] org.apache.catalina.startup.VersionLoggerListener.log Command line argument:             -Djava.io.tmpdir=E:\Users\david\Desktop\Universidad\Cuarto\1Cuatri\Arquitectura de diseño y sistemas web\apache-tomcat-9.0.41\temp
11-Jan-2021 18:33:51.338 INFORMACIÓN [main] org.apache.catalina.core.AprLifecycleListener.lifecycleEvent Cargada la biblioteca nativa APR de Apache Tomcat [1.2.25] con la versión APR [1.7.0].
11-Jan-2021 18:33:51.338 INFORMACIÓN [main] org.apache.catalina.core.AprLifecycleListener.lifecycleEvent Capacidades APR: IPv6 [true], enviar fichero [true], aceptar filtros [false], aleatorio [true].
11-Jan-2021 18:33:51.339 INFORMACIÓN [main] org.apache.catalina.core.AprLifecycleListener.lifecycleEvent APR/OpenSSL configuration: useAprConnector [false], useOpenSSL [true]
11-Jan-2021 18:33:51.347 INFORMACIÓN [main] org.apache.catalina.core.AprLifecycleListener.initializeSSL OpenSSL inicializado correctamente [OpenSSL 1.1.1g  21 Apr 2020]
11-Jan-2021 18:33:51.839 INFORMACIÓN [main] org.apache.coyote.AbstractProtocol.init Inicializando el manejador de protocolo ["http-nio-8081"]

11-Jan-2021 18:33:52.212 INFORMACIÓN [main] org.apache.catalina.startup.Catalina.load Server initialization in [1380] milliseconds
11-Jan-2021 18:33:52.287 INFORMACIÓN [main] org.apache.catalina.core.StandardService.startInternal Arrancando servicio [Catalina]
11-Jan-2021 18:33:52.287 INFORMACIÓN [main] org.apache.catalina.core.StandardEngine.startInternal Starting Servlet engine: [Apache Tomcat/9.0.41]
11-Jan-2021 18:33:52.312 INFORMACIÓN [main] org.apache.catalina.startup.HostConfig.deployDescriptor Desplieque del descriptor de configuración [E:\Users\david\Desktop\Universidad\Cuarto\1Cuatri\Arquitectura de diseño y sistemas web\apache-tomcat-9.0.41\conf\Catalina\localhost\TrabajoWeb.xml]
11-Jan-2021 18:33:52.342 ADVERTENCIA [main] org.apache.catalina.startup.HostConfig.deployDescriptor The path attribute with value [/TrabajoWeb] in deployment descriptor [E:\Users\david\Desktop\Universidad\Cuarto\1Cuatri\Arquitectura de diseño y sistemas web\apache-tomcat-9.0.41\conf\Catalina\localhost\TrabajoWeb.xml] has been ignored
11-Jan-2021 18:33:52.953 INFORMACIÓN [main] org.apache.jasper.servlet.TldScanner.scanJars Al menos un JAR, que se ha explorado buscando TLDs, aún no contenía TLDs. Activar historial de depuración para este historiador para una completa lista de los JARs que fueron explorados y de los que nos se halló TLDs. Saltarse JARs no necesarios durante la exploración puede dar lugar a una mejora de tiempo significativa en el arranque y compilación de JSP .
11-Jan-2021 18:33:53.051 INFORMACIÓN [main] org.apache.catalina.startup.HostConfig.deployDescriptor Deployment of deployment descriptor [E:\Users\david\Desktop\Universidad\Cuarto\1Cuatri\Arquitectura de diseño y sistemas web\apache-tomcat-9.0.41\conf\Catalina\localhost\TrabajoWeb.xml] has finished in [737] ms
11-Jan-2021 18:33:53.052 INFORMACIÓN [main] org.apache.catalina.startup.HostConfig.deployDirectory Desplegando el directorio [E:\Users\david\Desktop\Universidad\Cuarto\1Cuatri\Arquitectura de diseño y sistemas web\apache-tomcat-9.0.41\webapps\docs] de la aplicación web
11-Jan-2021 18:33:53.111 INFORMACIÓN [main] org.apache.catalina.startup.HostConfig.deployDirectory Deployment of web application directory [E:\Users\david\Desktop\Universidad\Cuarto\1Cuatri\Arquitectura de diseño y sistemas web\apache-tomcat-9.0.41\webapps\docs] has finished in [59] ms
11-Jan-2021 18:33:53.111 INFORMACIÓN [main] org.apache.catalina.startup.HostConfig.deployDirectory Desplegando el directorio [E:\Users\david\Desktop\Universidad\Cuarto\1Cuatri\Arquitectura de diseño y sistemas web\apache-tomcat-9.0.41\webapps\examples] de la aplicación web
11-Jan-2021 18:33:54.164 INFORMACIÓN [main] org.apache.catalina.startup.HostConfig.deployDirectory Deployment of web application directory [E:\Users\david\Desktop\Universidad\Cuarto\1Cuatri\Arquitectura de diseño y sistemas web\apache-tomcat-9.0.41\webapps\examples] has finished in [1.053] ms
11-Jan-2021 18:33:54.164 INFORMACIÓN [main] org.apache.catalina.startup.HostConfig.deployDirectory Desplegando el directorio [E:\Users\david\Desktop\Universidad\Cuarto\1Cuatri\Arquitectura de diseño y sistemas web\apache-tomcat-9.0.41\webapps\host-manager] de la aplicación web
11-Jan-2021 18:33:54.226 INFORMACIÓN [main] org.apache.catalina.startup.HostConfig.deployDirectory Deployment of web application directory [E:\Users\david\Desktop\Universidad\Cuarto\1Cuatri\Arquitectura de diseño y sistemas web\apache-tomcat-9.0.41\webapps\host-manager] has finished in [62] ms
11-Jan-2021 18:33:54.227 INFORMACIÓN [main] org.apache.catalina.startup.HostConfig.deployDirectory Desplegando el directorio [E:\Users\david\Desktop\Universidad\Cuarto\1Cuatri\Arquitectura de diseño y sistemas web\apache-tomcat-9.0.41\webapps\manager] de la aplicación web
11-Jan-2021 18:33:54.289 INFORMACIÓN [main] org.apache.catalina.startup.HostConfig.deployDirectory Deployment of web application directory [E:\Users\david\Desktop\Universidad\Cuarto\1Cuatri\Arquitectura de diseño y sistemas web\apache-tomcat-9.0.41\webapps\manager] has finished in [62] ms
11-Jan-2021 18:33:54.289 INFORMACIÓN [main] org.apache.catalina.startup.HostConfig.deployDirectory Desplegando el directorio [E:\Users\david\Desktop\Universidad\Cuarto\1Cuatri\Arquitectura de diseño y sistemas web\apache-tomcat-9.0.41\webapps\ROOT] de la aplicación web
11-Jan-2021 18:33:54.339 INFORMACIÓN [main] org.apache.catalina.startup.HostConfig.deployDirectory Deployment of web application directory [E:\Users\david\Desktop\Universidad\Cuarto\1Cuatri\Arquitectura de diseño y sistemas web\apache-tomcat-9.0.41\webapps\ROOT] has finished in [50] ms
11-Jan-2021 18:33:54.343 INFORMACIÓN [main] org.apache.coyote.AbstractProtocol.start Starting ProtocolHandler ["http-nio-8081"]
11-Jan-2021 18:33:54.361 INFORMACIÓN [main] org.apache.catalina.startup.Catalina.start Server startup in [2148] milliseconds
11-Jan-2021 19:26:46.282 INFORMACIÓN [http-nio-8081-exec-10] org.apache.catalina.startup.HostConfig.undeploy Repliegue (undeploy) de la aplicación web que tiene como trayectoria de contexto [/TrabajoWeb]
11-Jan-2021 19:26:48.112 INFORMACIÓN [http-nio-8081-exec-4] org.apache.catalina.startup.HostConfig.deployDescriptor Desplieque del descriptor de configuración [E:\Users\david\Desktop\Universidad\Cuarto\1Cuatri\Arquitectura de diseño y sistemas web\apache-tomcat-9.0.41\conf\Catalina\localhost\TrabajoWeb.xml]
11-Jan-2021 19:26:48.120 ADVERTENCIA [http-nio-8081-exec-4] org.apache.catalina.startup.HostConfig.deployDescriptor The path attribute with value [/TrabajoWeb] in deployment descriptor [E:\Users\david\Desktop\Universidad\Cuarto\1Cuatri\Arquitectura de diseño y sistemas web\apache-tomcat-9.0.41\conf\Catalina\localhost\TrabajoWeb.xml] has been ignored
11-Jan-2021 19:26:48.979 INFORMACIÓN [http-nio-8081-exec-4] org.apache.jasper.servlet.TldScanner.scanJars Al menos un JAR, que se ha explorado buscando TLDs, aún no contenía TLDs. Activar historial de depuración para este historiador para una completa lista de los JARs que fueron explorados y de los que nos se halló TLDs. Saltarse JARs no necesarios durante la exploración puede dar lugar a una mejora de tiempo significativa en el arranque y compilación de JSP .
11-Jan-2021 19:26:49.000 INFORMACIÓN [http-nio-8081-exec-4] org.apache.catalina.startup.HostConfig.deployDescriptor Deployment of deployment descriptor [E:\Users\david\Desktop\Universidad\Cuarto\1Cuatri\Arquitectura de diseño y sistemas web\apache-tomcat-9.0.41\conf\Catalina\localhost\TrabajoWeb.xml] has finished in [887] ms
11-Jan-2021 19:26:49.008 INFORMACIÓN [http-nio-8081-exec-6] org.apache.catalina.util.LifecycleBase.start The start() method was called on component [StandardEngine[Catalina].StandardHost[localhost].StandardContext[/TrabajoWeb]] after start() had already been called. The second call will be ignored.
11-Jan-2021 19:44:12.585 INFORMACIÓN [http-nio-8081-exec-19] org.apache.catalina.startup.HostConfig.undeploy Repliegue (undeploy) de la aplicación web que tiene como trayectoria de contexto [/TrabajoWeb]
11-Jan-2021 19:44:17.944 INFORMACIÓN [http-nio-8081-exec-12] org.apache.catalina.startup.HostConfig.deployDescriptor Desplieque del descriptor de configuración [E:\Users\david\Desktop\Universidad\Cuarto\1Cuatri\Arquitectura de diseño y sistemas web\apache-tomcat-9.0.41\conf\Catalina\localhost\TrabajoWeb.xml]
11-Jan-2021 19:44:17.949 ADVERTENCIA [http-nio-8081-exec-12] org.apache.catalina.startup.HostConfig.deployDescriptor The path attribute with value [/TrabajoWeb] in deployment descriptor [E:\Users\david\Desktop\Universidad\Cuarto\1Cuatri\Arquitectura de diseño y sistemas web\apache-tomcat-9.0.41\conf\Catalina\localhost\TrabajoWeb.xml] has been ignored
11-Jan-2021 19:44:18.173 INFORMACIÓN [http-nio-8081-exec-12] org.apache.jasper.servlet.TldScanner.scanJars Al menos un JAR, que se ha explorado buscando TLDs, aún no contenía TLDs. Activar historial de depuración para este historiador para una completa lista de los JARs que fueron explorados y de los que nos se halló TLDs. Saltarse JARs no necesarios durante la exploración puede dar lugar a una mejora de tiempo significativa en el arranque y compilación de JSP .
11-Jan-2021 19:44:18.179 INFORMACIÓN [http-nio-8081-exec-12] org.apache.catalina.startup.HostConfig.deployDescriptor Deployment of deployment descriptor [E:\Users\david\Desktop\Universidad\Cuarto\1Cuatri\Arquitectura de diseño y sistemas web\apache-tomcat-9.0.41\conf\Catalina\localhost\TrabajoWeb.xml] has finished in [235] ms
11-Jan-2021 19:44:18.183 INFORMACIÓN [http-nio-8081-exec-16] org.apache.catalina.util.LifecycleBase.start The start() method was called on component [StandardEngine[Catalina].StandardHost[localhost].StandardContext[/TrabajoWeb]] after start() had already been called. The second call will be ignored.
