10-Jan-2021 00:43:57.686 INFORMACIÓN [main] org.apache.catalina.core.StandardServer.await Se ha recibido un comando de apagado a través del puerto de apagado. Parando la instancia del Servidor.
10-Jan-2021 00:43:57.687 INFORMACIÓN [main] org.apache.coyote.AbstractProtocol.pause Pausing ProtocolHandler ["http-nio-8081"]
10-Jan-2021 00:43:58.122 INFORMACIÓN [main] org.apache.catalina.core.StandardService.stopInternal Parando servicio [Catalina]
10-Jan-2021 00:43:58.201 INFORMACIÓN [main] org.apache.coyote.AbstractProtocol.stop Stopping ProtocolHandler ["http-nio-8081"]
10-Jan-2021 00:43:58.270 INFORMACIÓN [main] org.apache.coyote.AbstractProtocol.destroy Destroying ProtocolHandler ["http-nio-8081"]
10-Jan-2021 18:15:35.977 INFORMACIÓN [main] org.apache.catalina.startup.VersionLoggerListener.log Nombre de la versión del servidor: Apache Tomcat/9.0.41
10-Jan-2021 18:15:35.981 INFORMACIÓN [main] org.apache.catalina.startup.VersionLoggerListener.log Server built:                      Dec 3 2020 11:43:00 UTC
10-Jan-2021 18:15:35.981 INFORMACIÓN [main] org.apache.catalina.startup.VersionLoggerListener.log Número de versión de servidor:     9.0.41.0
10-Jan-2021 18:15:35.981 INFORMACIÓN [main] org.apache.catalina.startup.VersionLoggerListener.log OS Name:                           Windows 10
10-Jan-2021 18:15:35.981 INFORMACIÓN [main] org.apache.catalina.startup.VersionLoggerListener.log Versión de Systema Operativo:      10.0
10-Jan-2021 18:15:35.981 INFORMACIÓN [main] org.apache.catalina.startup.VersionLoggerListener.log Arquitectura:                      amd64
10-Jan-2021 18:15:35.982 INFORMACIÓN [main] org.apache.catalina.startup.VersionLoggerListener.log Java Home:                         C:\Program Files\Java\jdk1.8.0_111\jre
10-Jan-2021 18:15:35.982 INFORMACIÓN [main] org.apache.catalina.startup.VersionLoggerListener.log JVM Version:                       1.8.0_111-b14
10-Jan-2021 18:15:35.982 INFORMACIÓN [main] org.apache.catalina.startup.VersionLoggerListener.log Vededor JVM:                       Oracle Corporation
10-Jan-2021 18:15:35.982 INFORMACIÓN [main] org.apache.catalina.startup.VersionLoggerListener.log CATALINA_BASE:                     E:\Users\david\Desktop\Universidad\Cuarto\1Cuatri\Arquitectura de diseño y sistemas web\apache-tomcat-9.0.41
10-Jan-2021 18:15:35.982 INFORMACIÓN [main] org.apache.catalina.startup.VersionLoggerListener.log CATALINA_HOME:                     E:\Users\david\Desktop\Universidad\Cuarto\1Cuatri\Arquitectura de diseño y sistemas web\apache-tomcat-9.0.41
10-Jan-2021 18:15:35.985 INFORMACIÓN [main] org.apache.catalina.startup.VersionLoggerListener.log Command line argument:             -Djava.util.logging.config.file=E:\Users\david\Desktop\Universidad\Cuarto\1Cuatri\Arquitectura de diseño y sistemas web\apache-tomcat-9.0.41\conf\logging.properties
10-Jan-2021 18:15:35.985 INFORMACIÓN [main] org.apache.catalina.startup.VersionLoggerListener.log Command line argument:             -Djava.util.logging.manager=org.apache.juli.ClassLoaderLogManager
10-Jan-2021 18:15:35.985 INFORMACIÓN [main] org.apache.catalina.startup.VersionLoggerListener.log Command line argument:             -Dhttp.nonProxyHosts=localhost|127.0.0.1|DESKTOP-M29HIL5
10-Jan-2021 18:15:35.985 INFORMACIÓN [main] org.apache.catalina.startup.VersionLoggerListener.log Command line argument:             -Djdk.tls.ephemeralDHKeySize=2048
10-Jan-2021 18:15:35.985 INFORMACIÓN [main] org.apache.catalina.startup.VersionLoggerListener.log Command line argument:             -Djava.protocol.handler.pkgs=org.apache.catalina.webresources
10-Jan-2021 18:15:35.985 INFORMACIÓN [main] org.apache.catalina.startup.VersionLoggerListener.log Command line argument:             -Dignore.endorsed.dirs=
10-Jan-2021 18:15:35.986 INFORMACIÓN [main] org.apache.catalina.startup.VersionLoggerListener.log Command line argument:             -Dcatalina.base=E:\Users\david\Desktop\Universidad\Cuarto\1Cuatri\Arquitectura de diseño y sistemas web\apache-tomcat-9.0.41
10-Jan-2021 18:15:35.986 INFORMACIÓN [main] org.apache.catalina.startup.VersionLoggerListener.log Command line argument:             -Dcatalina.home=E:\Users\david\Desktop\Universidad\Cuarto\1Cuatri\Arquitectura de diseño y sistemas web\apache-tomcat-9.0.41
10-Jan-2021 18:15:35.986 INFORMACIÓN [main] org.apache.catalina.startup.VersionLoggerListener.log Command line argument:             -Djava.io.tmpdir=E:\Users\david\Desktop\Universidad\Cuarto\1Cuatri\Arquitectura de diseño y sistemas web\apache-tomcat-9.0.41\temp
10-Jan-2021 18:15:36.064 INFORMACIÓN [main] org.apache.catalina.core.AprLifecycleListener.lifecycleEvent Cargada la biblioteca nativa APR de Apache Tomcat [1.2.25] con la versión APR [1.7.0].
10-Jan-2021 18:15:36.064 INFORMACIÓN [main] org.apache.catalina.core.AprLifecycleListener.lifecycleEvent Capacidades APR: IPv6 [true], enviar fichero [true], aceptar filtros [false], aleatorio [true].
10-Jan-2021 18:15:36.110 INFORMACIÓN [main] org.apache.catalina.core.AprLifecycleListener.lifecycleEvent APR/OpenSSL configuration: useAprConnector [false], useOpenSSL [true]
10-Jan-2021 18:15:36.226 INFORMACIÓN [main] org.apache.catalina.core.AprLifecycleListener.initializeSSL OpenSSL inicializado correctamente [OpenSSL 1.1.1g  21 Apr 2020]
10-Jan-2021 18:15:36.734 INFORMACIÓN [main] org.apache.coyote.AbstractProtocol.init Inicializando el manejador de protocolo ["http-nio-8081"]

10-Jan-2021 18:15:37.162 INFORMACIÓN [main] org.apache.catalina.startup.Catalina.load Server initialization in [1687] milliseconds
10-Jan-2021 18:15:37.240 INFORMACIÓN [main] org.apache.catalina.core.StandardService.startInternal Arrancando servicio [Catalina]
10-Jan-2021 18:15:37.241 INFORMACIÓN [main] org.apache.catalina.core.StandardEngine.startInternal Starting Servlet engine: [Apache Tomcat/9.0.41]
10-Jan-2021 18:15:37.257 INFORMACIÓN [main] org.apache.catalina.startup.HostConfig.deployDescriptor Desplieque del descriptor de configuración [E:\Users\david\Desktop\Universidad\Cuarto\1Cuatri\Arquitectura de diseño y sistemas web\apache-tomcat-9.0.41\conf\Catalina\localhost\TrabajoWeb.xml]
10-Jan-2021 18:15:37.280 ADVERTENCIA [main] org.apache.catalina.startup.HostConfig.deployDescriptor The path attribute with value [/TrabajoWeb] in deployment descriptor [E:\Users\david\Desktop\Universidad\Cuarto\1Cuatri\Arquitectura de diseño y sistemas web\apache-tomcat-9.0.41\conf\Catalina\localhost\TrabajoWeb.xml] has been ignored
10-Jan-2021 18:15:37.957 INFORMACIÓN [main] org.apache.jasper.servlet.TldScanner.scanJars Al menos un JAR, que se ha explorado buscando TLDs, aún no contenía TLDs. Activar historial de depuración para este historiador para una completa lista de los JARs que fueron explorados y de los que nos se halló TLDs. Saltarse JARs no necesarios durante la exploración puede dar lugar a una mejora de tiempo significativa en el arranque y compilación de JSP .
10-Jan-2021 18:15:38.044 INFORMACIÓN [main] org.apache.catalina.startup.HostConfig.deployDescriptor Deployment of deployment descriptor [E:\Users\david\Desktop\Universidad\Cuarto\1Cuatri\Arquitectura de diseño y sistemas web\apache-tomcat-9.0.41\conf\Catalina\localhost\TrabajoWeb.xml] has finished in [785] ms
10-Jan-2021 18:15:38.045 INFORMACIÓN [main] org.apache.catalina.startup.HostConfig.deployDirectory Desplegando el directorio [E:\Users\david\Desktop\Universidad\Cuarto\1Cuatri\Arquitectura de diseño y sistemas web\apache-tomcat-9.0.41\webapps\docs] de la aplicación web
10-Jan-2021 18:15:38.115 INFORMACIÓN [main] org.apache.catalina.startup.HostConfig.deployDirectory Deployment of web application directory [E:\Users\david\Desktop\Universidad\Cuarto\1Cuatri\Arquitectura de diseño y sistemas web\apache-tomcat-9.0.41\webapps\docs] has finished in [70] ms
10-Jan-2021 18:15:38.115 INFORMACIÓN [main] org.apache.catalina.startup.HostConfig.deployDirectory Desplegando el directorio [E:\Users\david\Desktop\Universidad\Cuarto\1Cuatri\Arquitectura de diseño y sistemas web\apache-tomcat-9.0.41\webapps\examples] de la aplicación web
10-Jan-2021 18:15:39.048 INFORMACIÓN [main] org.apache.catalina.startup.HostConfig.deployDirectory Deployment of web application directory [E:\Users\david\Desktop\Universidad\Cuarto\1Cuatri\Arquitectura de diseño y sistemas web\apache-tomcat-9.0.41\webapps\examples] has finished in [933] ms
10-Jan-2021 18:15:39.048 INFORMACIÓN [main] org.apache.catalina.startup.HostConfig.deployDirectory Desplegando el directorio [E:\Users\david\Desktop\Universidad\Cuarto\1Cuatri\Arquitectura de diseño y sistemas web\apache-tomcat-9.0.41\webapps\host-manager] de la aplicación web
10-Jan-2021 18:15:39.124 INFORMACIÓN [main] org.apache.catalina.startup.HostConfig.deployDirectory Deployment of web application directory [E:\Users\david\Desktop\Universidad\Cuarto\1Cuatri\Arquitectura de diseño y sistemas web\apache-tomcat-9.0.41\webapps\host-manager] has finished in [76] ms
10-Jan-2021 18:15:39.124 INFORMACIÓN [main] org.apache.catalina.startup.HostConfig.deployDirectory Desplegando el directorio [E:\Users\david\Desktop\Universidad\Cuarto\1Cuatri\Arquitectura de diseño y sistemas web\apache-tomcat-9.0.41\webapps\manager] de la aplicación web
10-Jan-2021 18:15:39.208 INFORMACIÓN [main] org.apache.catalina.startup.HostConfig.deployDirectory Deployment of web application directory [E:\Users\david\Desktop\Universidad\Cuarto\1Cuatri\Arquitectura de diseño y sistemas web\apache-tomcat-9.0.41\webapps\manager] has finished in [83] ms
10-Jan-2021 18:15:39.208 INFORMACIÓN [main] org.apache.catalina.startup.HostConfig.deployDirectory Desplegando el directorio [E:\Users\david\Desktop\Universidad\Cuarto\1Cuatri\Arquitectura de diseño y sistemas web\apache-tomcat-9.0.41\webapps\ROOT] de la aplicación web
10-Jan-2021 18:15:39.250 INFORMACIÓN [main] org.apache.catalina.startup.HostConfig.deployDirectory Deployment of web application directory [E:\Users\david\Desktop\Universidad\Cuarto\1Cuatri\Arquitectura de diseño y sistemas web\apache-tomcat-9.0.41\webapps\ROOT] has finished in [42] ms
10-Jan-2021 18:15:39.255 INFORMACIÓN [main] org.apache.coyote.AbstractProtocol.start Starting ProtocolHandler ["http-nio-8081"]
10-Jan-2021 18:15:39.323 INFORMACIÓN [main] org.apache.catalina.startup.Catalina.start Server startup in [2161] milliseconds
10-Jan-2021 20:05:20.082 INFORMACIÓN [main] org.apache.catalina.core.StandardServer.await Se ha recibido un comando de apagado a través del puerto de apagado. Parando la instancia del Servidor.
10-Jan-2021 20:05:20.084 INFORMACIÓN [main] org.apache.coyote.AbstractProtocol.pause Pausing ProtocolHandler ["http-nio-8081"]
10-Jan-2021 20:05:20.388 INFORMACIÓN [main] org.apache.catalina.core.StandardService.stopInternal Parando servicio [Catalina]
10-Jan-2021 20:05:20.446 INFORMACIÓN [main] org.apache.coyote.AbstractProtocol.stop Stopping ProtocolHandler ["http-nio-8081"]
10-Jan-2021 20:05:20.499 INFORMACIÓN [main] org.apache.coyote.AbstractProtocol.destroy Destroying ProtocolHandler ["http-nio-8081"]
10-Jan-2021 20:05:42.765 INFORMACIÓN [main] org.apache.catalina.startup.VersionLoggerListener.log Nombre de la versión del servidor: Apache Tomcat/9.0.41
10-Jan-2021 20:05:42.768 INFORMACIÓN [main] org.apache.catalina.startup.VersionLoggerListener.log Server built:                      Dec 3 2020 11:43:00 UTC
10-Jan-2021 20:05:42.768 INFORMACIÓN [main] org.apache.catalina.startup.VersionLoggerListener.log Número de versión de servidor:     9.0.41.0
10-Jan-2021 20:05:42.768 INFORMACIÓN [main] org.apache.catalina.startup.VersionLoggerListener.log OS Name:                           Windows 10
10-Jan-2021 20:05:42.768 INFORMACIÓN [main] org.apache.catalina.startup.VersionLoggerListener.log Versión de Systema Operativo:      10.0
10-Jan-2021 20:05:42.768 INFORMACIÓN [main] org.apache.catalina.startup.VersionLoggerListener.log Arquitectura:                      amd64
10-Jan-2021 20:05:42.769 INFORMACIÓN [main] org.apache.catalina.startup.VersionLoggerListener.log Java Home:                         C:\Program Files\Java\jdk1.8.0_111\jre
10-Jan-2021 20:05:42.769 INFORMACIÓN [main] org.apache.catalina.startup.VersionLoggerListener.log JVM Version:                       1.8.0_111-b14
10-Jan-2021 20:05:42.769 INFORMACIÓN [main] org.apache.catalina.startup.VersionLoggerListener.log Vededor JVM:                       Oracle Corporation
10-Jan-2021 20:05:42.769 INFORMACIÓN [main] org.apache.catalina.startup.VersionLoggerListener.log CATALINA_BASE:                     E:\Users\david\Desktop\Universidad\Cuarto\1Cuatri\Arquitectura de diseño y sistemas web\apache-tomcat-9.0.41
10-Jan-2021 20:05:42.769 INFORMACIÓN [main] org.apache.catalina.startup.VersionLoggerListener.log CATALINA_HOME:                     E:\Users\david\Desktop\Universidad\Cuarto\1Cuatri\Arquitectura de diseño y sistemas web\apache-tomcat-9.0.41
10-Jan-2021 20:05:42.771 INFORMACIÓN [main] org.apache.catalina.startup.VersionLoggerListener.log Command line argument:             -Djava.util.logging.config.file=E:\Users\david\Desktop\Universidad\Cuarto\1Cuatri\Arquitectura de diseño y sistemas web\apache-tomcat-9.0.41\conf\logging.properties
10-Jan-2021 20:05:42.771 INFORMACIÓN [main] org.apache.catalina.startup.VersionLoggerListener.log Command line argument:             -Djava.util.logging.manager=org.apache.juli.ClassLoaderLogManager
10-Jan-2021 20:05:42.772 INFORMACIÓN [main] org.apache.catalina.startup.VersionLoggerListener.log Command line argument:             -Dhttp.nonProxyHosts=localhost|127.0.0.1|DESKTOP-M29HIL5
10-Jan-2021 20:05:42.772 INFORMACIÓN [main] org.apache.catalina.startup.VersionLoggerListener.log Command line argument:             -Djdk.tls.ephemeralDHKeySize=2048
10-Jan-2021 20:05:42.772 INFORMACIÓN [main] org.apache.catalina.startup.VersionLoggerListener.log Command line argument:             -Djava.protocol.handler.pkgs=org.apache.catalina.webresources
10-Jan-2021 20:05:42.772 INFORMACIÓN [main] org.apache.catalina.startup.VersionLoggerListener.log Command line argument:             -Dignore.endorsed.dirs=
10-Jan-2021 20:05:42.772 INFORMACIÓN [main] org.apache.catalina.startup.VersionLoggerListener.log Command line argument:             -Dcatalina.base=E:\Users\david\Desktop\Universidad\Cuarto\1Cuatri\Arquitectura de diseño y sistemas web\apache-tomcat-9.0.41
10-Jan-2021 20:05:42.772 INFORMACIÓN [main] org.apache.catalina.startup.VersionLoggerListener.log Command line argument:             -Dcatalina.home=E:\Users\david\Desktop\Universidad\Cuarto\1Cuatri\Arquitectura de diseño y sistemas web\apache-tomcat-9.0.41
10-Jan-2021 20:05:42.772 INFORMACIÓN [main] org.apache.catalina.startup.VersionLoggerListener.log Command line argument:             -Djava.io.tmpdir=E:\Users\david\Desktop\Universidad\Cuarto\1Cuatri\Arquitectura de diseño y sistemas web\apache-tomcat-9.0.41\temp
10-Jan-2021 20:05:42.780 INFORMACIÓN [main] org.apache.catalina.core.AprLifecycleListener.lifecycleEvent Cargada la biblioteca nativa APR de Apache Tomcat [1.2.25] con la versión APR [1.7.0].
10-Jan-2021 20:05:42.781 INFORMACIÓN [main] org.apache.catalina.core.AprLifecycleListener.lifecycleEvent Capacidades APR: IPv6 [true], enviar fichero [true], aceptar filtros [false], aleatorio [true].
10-Jan-2021 20:05:42.863 INFORMACIÓN [main] org.apache.catalina.core.AprLifecycleListener.lifecycleEvent APR/OpenSSL configuration: useAprConnector [false], useOpenSSL [true]
10-Jan-2021 20:05:42.886 INFORMACIÓN [main] org.apache.catalina.core.AprLifecycleListener.initializeSSL OpenSSL inicializado correctamente [OpenSSL 1.1.1g  21 Apr 2020]
10-Jan-2021 20:05:43.354 INFORMACIÓN [main] org.apache.coyote.AbstractProtocol.init Inicializando el manejador de protocolo ["http-nio-8081"]

10-Jan-2021 20:05:43.747 INFORMACIÓN [main] org.apache.catalina.startup.Catalina.load Server initialization in [1229] milliseconds
10-Jan-2021 20:05:43.818 INFORMACIÓN [main] org.apache.catalina.core.StandardService.startInternal Arrancando servicio [Catalina]
10-Jan-2021 20:05:43.818 INFORMACIÓN [main] org.apache.catalina.core.StandardEngine.startInternal Starting Servlet engine: [Apache Tomcat/9.0.41]
10-Jan-2021 20:05:43.836 INFORMACIÓN [main] org.apache.catalina.startup.HostConfig.deployDescriptor Desplieque del descriptor de configuración [E:\Users\david\Desktop\Universidad\Cuarto\1Cuatri\Arquitectura de diseño y sistemas web\apache-tomcat-9.0.41\conf\Catalina\localhost\TrabajoWeb.xml]
10-Jan-2021 20:05:43.867 ADVERTENCIA [main] org.apache.catalina.startup.HostConfig.deployDescriptor The path attribute with value [/TrabajoWeb] in deployment descriptor [E:\Users\david\Desktop\Universidad\Cuarto\1Cuatri\Arquitectura de diseño y sistemas web\apache-tomcat-9.0.41\conf\Catalina\localhost\TrabajoWeb.xml] has been ignored
10-Jan-2021 20:05:44.471 INFORMACIÓN [main] org.apache.jasper.servlet.TldScanner.scanJars Al menos un JAR, que se ha explorado buscando TLDs, aún no contenía TLDs. Activar historial de depuración para este historiador para una completa lista de los JARs que fueron explorados y de los que nos se halló TLDs. Saltarse JARs no necesarios durante la exploración puede dar lugar a una mejora de tiempo significativa en el arranque y compilación de JSP .
10-Jan-2021 20:05:44.551 INFORMACIÓN [main] org.apache.catalina.startup.HostConfig.deployDescriptor Deployment of deployment descriptor [E:\Users\david\Desktop\Universidad\Cuarto\1Cuatri\Arquitectura de diseño y sistemas web\apache-tomcat-9.0.41\conf\Catalina\localhost\TrabajoWeb.xml] has finished in [713] ms
10-Jan-2021 20:05:44.552 INFORMACIÓN [main] org.apache.catalina.startup.HostConfig.deployDirectory Desplegando el directorio [E:\Users\david\Desktop\Universidad\Cuarto\1Cuatri\Arquitectura de diseño y sistemas web\apache-tomcat-9.0.41\webapps\docs] de la aplicación web
10-Jan-2021 20:05:44.617 INFORMACIÓN [main] org.apache.catalina.startup.HostConfig.deployDirectory Deployment of web application directory [E:\Users\david\Desktop\Universidad\Cuarto\1Cuatri\Arquitectura de diseño y sistemas web\apache-tomcat-9.0.41\webapps\docs] has finished in [65] ms
10-Jan-2021 20:05:44.618 INFORMACIÓN [main] org.apache.catalina.startup.HostConfig.deployDirectory Desplegando el directorio [E:\Users\david\Desktop\Universidad\Cuarto\1Cuatri\Arquitectura de diseño y sistemas web\apache-tomcat-9.0.41\webapps\examples] de la aplicación web
10-Jan-2021 20:05:45.271 INFORMACIÓN [main] org.apache.catalina.startup.HostConfig.deployDirectory Deployment of web application directory [E:\Users\david\Desktop\Universidad\Cuarto\1Cuatri\Arquitectura de diseño y sistemas web\apache-tomcat-9.0.41\webapps\examples] has finished in [652] ms
10-Jan-2021 20:05:45.271 INFORMACIÓN [main] org.apache.catalina.startup.HostConfig.deployDirectory Desplegando el directorio [E:\Users\david\Desktop\Universidad\Cuarto\1Cuatri\Arquitectura de diseño y sistemas web\apache-tomcat-9.0.41\webapps\host-manager] de la aplicación web
10-Jan-2021 20:05:45.322 INFORMACIÓN [main] org.apache.catalina.startup.HostConfig.deployDirectory Deployment of web application directory [E:\Users\david\Desktop\Universidad\Cuarto\1Cuatri\Arquitectura de diseño y sistemas web\apache-tomcat-9.0.41\webapps\host-manager] has finished in [51] ms
10-Jan-2021 20:05:45.323 INFORMACIÓN [main] org.apache.catalina.startup.HostConfig.deployDirectory Desplegando el directorio [E:\Users\david\Desktop\Universidad\Cuarto\1Cuatri\Arquitectura de diseño y sistemas web\apache-tomcat-9.0.41\webapps\manager] de la aplicación web
10-Jan-2021 20:05:45.372 INFORMACIÓN [main] org.apache.catalina.startup.HostConfig.deployDirectory Deployment of web application directory [E:\Users\david\Desktop\Universidad\Cuarto\1Cuatri\Arquitectura de diseño y sistemas web\apache-tomcat-9.0.41\webapps\manager] has finished in [49] ms
10-Jan-2021 20:05:45.372 INFORMACIÓN [main] org.apache.catalina.startup.HostConfig.deployDirectory Desplegando el directorio [E:\Users\david\Desktop\Universidad\Cuarto\1Cuatri\Arquitectura de diseño y sistemas web\apache-tomcat-9.0.41\webapps\ROOT] de la aplicación web
10-Jan-2021 20:05:45.417 INFORMACIÓN [main] org.apache.catalina.startup.HostConfig.deployDirectory Deployment of web application directory [E:\Users\david\Desktop\Universidad\Cuarto\1Cuatri\Arquitectura de diseño y sistemas web\apache-tomcat-9.0.41\webapps\ROOT] has finished in [45] ms
10-Jan-2021 20:05:45.422 INFORMACIÓN [main] org.apache.coyote.AbstractProtocol.start Starting ProtocolHandler ["http-nio-8081"]
10-Jan-2021 20:05:45.440 INFORMACIÓN [main] org.apache.catalina.startup.Catalina.start Server startup in [1692] milliseconds
10-Jan-2021 20:30:58.327 INFORMACIÓN [main] org.apache.catalina.core.StandardServer.await Se ha recibido un comando de apagado a través del puerto de apagado. Parando la instancia del Servidor.
10-Jan-2021 20:30:58.328 INFORMACIÓN [main] org.apache.coyote.AbstractProtocol.pause Pausing ProtocolHandler ["http-nio-8081"]
10-Jan-2021 20:30:58.578 INFORMACIÓN [main] org.apache.catalina.core.StandardService.stopInternal Parando servicio [Catalina]
10-Jan-2021 20:30:58.644 INFORMACIÓN [main] org.apache.coyote.AbstractProtocol.stop Stopping ProtocolHandler ["http-nio-8081"]
10-Jan-2021 20:30:58.699 INFORMACIÓN [main] org.apache.coyote.AbstractProtocol.destroy Destroying ProtocolHandler ["http-nio-8081"]
