13-Jan-2021 00:51:11.616 INFORMACIÓN [main] org.apache.catalina.core.StandardServer.await Se ha recibido un comando de apagado a través del puerto de apagado. Parando la instancia del Servidor.
13-Jan-2021 00:51:11.619 INFORMACIÓN [main] org.apache.coyote.AbstractProtocol.pause Pausing ProtocolHandler ["http-nio-8081"]
13-Jan-2021 00:51:12.149 INFORMACIÓN [main] org.apache.catalina.core.StandardService.stopInternal Parando servicio [Catalina]
13-Jan-2021 00:51:12.208 INFORMACIÓN [main] org.apache.coyote.AbstractProtocol.stop Stopping ProtocolHandler ["http-nio-8081"]
13-Jan-2021 00:51:12.218 INFORMACIÓN [main] org.apache.coyote.AbstractProtocol.destroy Destroying ProtocolHandler ["http-nio-8081"]
13-Jan-2021 00:51:39.128 INFORMACIÓN [main] org.apache.catalina.startup.VersionLoggerListener.log Nombre de la versión del servidor: Apache Tomcat/9.0.41
13-Jan-2021 00:51:39.132 INFORMACIÓN [main] org.apache.catalina.startup.VersionLoggerListener.log Server built:                      Dec 3 2020 11:43:00 UTC
13-Jan-2021 00:51:39.132 INFORMACIÓN [main] org.apache.catalina.startup.VersionLoggerListener.log Número de versión de servidor:     9.0.41.0
13-Jan-2021 00:51:39.132 INFORMACIÓN [main] org.apache.catalina.startup.VersionLoggerListener.log OS Name:                           Windows 10
13-Jan-2021 00:51:39.132 INFORMACIÓN [main] org.apache.catalina.startup.VersionLoggerListener.log Versión de Systema Operativo:      10.0
13-Jan-2021 00:51:39.132 INFORMACIÓN [main] org.apache.catalina.startup.VersionLoggerListener.log Arquitectura:                      amd64
13-Jan-2021 00:51:39.132 INFORMACIÓN [main] org.apache.catalina.startup.VersionLoggerListener.log Java Home:                         C:\Program Files\Java\jdk1.8.0_111\jre
13-Jan-2021 00:51:39.132 INFORMACIÓN [main] org.apache.catalina.startup.VersionLoggerListener.log JVM Version:                       1.8.0_111-b14
13-Jan-2021 00:51:39.132 INFORMACIÓN [main] org.apache.catalina.startup.VersionLoggerListener.log Vededor JVM:                       Oracle Corporation
13-Jan-2021 00:51:39.132 INFORMACIÓN [main] org.apache.catalina.startup.VersionLoggerListener.log CATALINA_BASE:                     E:\Users\david\Desktop\Universidad\Cuarto\1Cuatri\Arquitectura de diseño y sistemas web\apache-tomcat-9.0.41
13-Jan-2021 00:51:39.132 INFORMACIÓN [main] org.apache.catalina.startup.VersionLoggerListener.log CATALINA_HOME:                     E:\Users\david\Desktop\Universidad\Cuarto\1Cuatri\Arquitectura de diseño y sistemas web\apache-tomcat-9.0.41
13-Jan-2021 00:51:39.135 INFORMACIÓN [main] org.apache.catalina.startup.VersionLoggerListener.log Command line argument:             -Djava.util.logging.config.file=E:\Users\david\Desktop\Universidad\Cuarto\1Cuatri\Arquitectura de diseño y sistemas web\apache-tomcat-9.0.41\conf\logging.properties
13-Jan-2021 00:51:39.135 INFORMACIÓN [main] org.apache.catalina.startup.VersionLoggerListener.log Command line argument:             -Djava.util.logging.manager=org.apache.juli.ClassLoaderLogManager
13-Jan-2021 00:51:39.135 INFORMACIÓN [main] org.apache.catalina.startup.VersionLoggerListener.log Command line argument:             -Dhttp.nonProxyHosts=localhost|127.0.0.1|DESKTOP-M29HIL5
13-Jan-2021 00:51:39.136 INFORMACIÓN [main] org.apache.catalina.startup.VersionLoggerListener.log Command line argument:             -Djdk.tls.ephemeralDHKeySize=2048
13-Jan-2021 00:51:39.136 INFORMACIÓN [main] org.apache.catalina.startup.VersionLoggerListener.log Command line argument:             -Djava.protocol.handler.pkgs=org.apache.catalina.webresources
13-Jan-2021 00:51:39.136 INFORMACIÓN [main] org.apache.catalina.startup.VersionLoggerListener.log Command line argument:             -Dignore.endorsed.dirs=
13-Jan-2021 00:51:39.136 INFORMACIÓN [main] org.apache.catalina.startup.VersionLoggerListener.log Command line argument:             -Dcatalina.base=E:\Users\david\Desktop\Universidad\Cuarto\1Cuatri\Arquitectura de diseño y sistemas web\apache-tomcat-9.0.41
13-Jan-2021 00:51:39.136 INFORMACIÓN [main] org.apache.catalina.startup.VersionLoggerListener.log Command line argument:             -Dcatalina.home=E:\Users\david\Desktop\Universidad\Cuarto\1Cuatri\Arquitectura de diseño y sistemas web\apache-tomcat-9.0.41
13-Jan-2021 00:51:39.136 INFORMACIÓN [main] org.apache.catalina.startup.VersionLoggerListener.log Command line argument:             -Djava.io.tmpdir=E:\Users\david\Desktop\Universidad\Cuarto\1Cuatri\Arquitectura de diseño y sistemas web\apache-tomcat-9.0.41\temp
13-Jan-2021 00:51:39.150 INFORMACIÓN [main] org.apache.catalina.core.AprLifecycleListener.lifecycleEvent Cargada la biblioteca nativa APR de Apache Tomcat [1.2.25] con la versión APR [1.7.0].
13-Jan-2021 00:51:39.150 INFORMACIÓN [main] org.apache.catalina.core.AprLifecycleListener.lifecycleEvent Capacidades APR: IPv6 [true], enviar fichero [true], aceptar filtros [false], aleatorio [true].
13-Jan-2021 00:51:39.151 INFORMACIÓN [main] org.apache.catalina.core.AprLifecycleListener.lifecycleEvent APR/OpenSSL configuration: useAprConnector [false], useOpenSSL [true]
13-Jan-2021 00:51:39.165 INFORMACIÓN [main] org.apache.catalina.core.AprLifecycleListener.initializeSSL OpenSSL inicializado correctamente [OpenSSL 1.1.1g  21 Apr 2020]
13-Jan-2021 00:51:39.874 INFORMACIÓN [main] org.apache.coyote.AbstractProtocol.init Inicializando el manejador de protocolo ["http-nio-8081"]

13-Jan-2021 00:51:40.220 INFORMACIÓN [main] org.apache.catalina.startup.Catalina.load Server initialization in [1350] milliseconds
13-Jan-2021 00:51:40.280 INFORMACIÓN [main] org.apache.catalina.core.StandardService.startInternal Arrancando servicio [Catalina]
13-Jan-2021 00:51:40.281 INFORMACIÓN [main] org.apache.catalina.core.StandardEngine.startInternal Starting Servlet engine: [Apache Tomcat/9.0.41]
13-Jan-2021 00:51:40.297 INFORMACIÓN [main] org.apache.catalina.startup.HostConfig.deployDescriptor Desplieque del descriptor de configuración [E:\Users\david\Desktop\Universidad\Cuarto\1Cuatri\Arquitectura de diseño y sistemas web\apache-tomcat-9.0.41\conf\Catalina\localhost\TrabajoWeb.xml]
13-Jan-2021 00:51:40.330 ADVERTENCIA [main] org.apache.catalina.startup.HostConfig.deployDescriptor The path attribute with value [/TrabajoWeb] in deployment descriptor [E:\Users\david\Desktop\Universidad\Cuarto\1Cuatri\Arquitectura de diseño y sistemas web\apache-tomcat-9.0.41\conf\Catalina\localhost\TrabajoWeb.xml] has been ignored
13-Jan-2021 00:51:40.880 INFORMACIÓN [main] org.apache.jasper.servlet.TldScanner.scanJars Al menos un JAR, que se ha explorado buscando TLDs, aún no contenía TLDs. Activar historial de depuración para este historiador para una completa lista de los JARs que fueron explorados y de los que nos se halló TLDs. Saltarse JARs no necesarios durante la exploración puede dar lugar a una mejora de tiempo significativa en el arranque y compilación de JSP .
13-Jan-2021 00:51:40.960 INFORMACIÓN [main] org.apache.catalina.startup.HostConfig.deployDescriptor Deployment of deployment descriptor [E:\Users\david\Desktop\Universidad\Cuarto\1Cuatri\Arquitectura de diseño y sistemas web\apache-tomcat-9.0.41\conf\Catalina\localhost\TrabajoWeb.xml] has finished in [661] ms
13-Jan-2021 00:51:40.960 INFORMACIÓN [main] org.apache.catalina.startup.HostConfig.deployDirectory Desplegando el directorio [E:\Users\david\Desktop\Universidad\Cuarto\1Cuatri\Arquitectura de diseño y sistemas web\apache-tomcat-9.0.41\webapps\docs] de la aplicación web
13-Jan-2021 00:51:41.025 INFORMACIÓN [main] org.apache.catalina.startup.HostConfig.deployDirectory Deployment of web application directory [E:\Users\david\Desktop\Universidad\Cuarto\1Cuatri\Arquitectura de diseño y sistemas web\apache-tomcat-9.0.41\webapps\docs] has finished in [65] ms
13-Jan-2021 00:51:41.026 INFORMACIÓN [main] org.apache.catalina.startup.HostConfig.deployDirectory Desplegando el directorio [E:\Users\david\Desktop\Universidad\Cuarto\1Cuatri\Arquitectura de diseño y sistemas web\apache-tomcat-9.0.41\webapps\examples] de la aplicación web
13-Jan-2021 00:51:41.844 INFORMACIÓN [main] org.apache.catalina.startup.HostConfig.deployDirectory Deployment of web application directory [E:\Users\david\Desktop\Universidad\Cuarto\1Cuatri\Arquitectura de diseño y sistemas web\apache-tomcat-9.0.41\webapps\examples] has finished in [817] ms
13-Jan-2021 00:51:41.844 INFORMACIÓN [main] org.apache.catalina.startup.HostConfig.deployDirectory Desplegando el directorio [E:\Users\david\Desktop\Universidad\Cuarto\1Cuatri\Arquitectura de diseño y sistemas web\apache-tomcat-9.0.41\webapps\host-manager] de la aplicación web
13-Jan-2021 00:51:41.920 INFORMACIÓN [main] org.apache.catalina.startup.HostConfig.deployDirectory Deployment of web application directory [E:\Users\david\Desktop\Universidad\Cuarto\1Cuatri\Arquitectura de diseño y sistemas web\apache-tomcat-9.0.41\webapps\host-manager] has finished in [76] ms
13-Jan-2021 00:51:41.920 INFORMACIÓN [main] org.apache.catalina.startup.HostConfig.deployDirectory Desplegando el directorio [E:\Users\david\Desktop\Universidad\Cuarto\1Cuatri\Arquitectura de diseño y sistemas web\apache-tomcat-9.0.41\webapps\manager] de la aplicación web
13-Jan-2021 00:51:41.996 INFORMACIÓN [main] org.apache.catalina.startup.HostConfig.deployDirectory Deployment of web application directory [E:\Users\david\Desktop\Universidad\Cuarto\1Cuatri\Arquitectura de diseño y sistemas web\apache-tomcat-9.0.41\webapps\manager] has finished in [76] ms
13-Jan-2021 00:51:41.996 INFORMACIÓN [main] org.apache.catalina.startup.HostConfig.deployDirectory Desplegando el directorio [E:\Users\david\Desktop\Universidad\Cuarto\1Cuatri\Arquitectura de diseño y sistemas web\apache-tomcat-9.0.41\webapps\ROOT] de la aplicación web
13-Jan-2021 00:51:42.073 INFORMACIÓN [main] org.apache.catalina.startup.HostConfig.deployDirectory Deployment of web application directory [E:\Users\david\Desktop\Universidad\Cuarto\1Cuatri\Arquitectura de diseño y sistemas web\apache-tomcat-9.0.41\webapps\ROOT] has finished in [77] ms
13-Jan-2021 00:51:42.080 INFORMACIÓN [main] org.apache.coyote.AbstractProtocol.start Starting ProtocolHandler ["http-nio-8081"]
13-Jan-2021 00:51:42.108 INFORMACIÓN [main] org.apache.catalina.startup.Catalina.start Server startup in [1887] milliseconds
13-Jan-2021 01:12:07.283 INFORMACIÓN [main] org.apache.catalina.core.StandardServer.await Se ha recibido un comando de apagado a través del puerto de apagado. Parando la instancia del Servidor.
13-Jan-2021 01:12:07.284 INFORMACIÓN [main] org.apache.coyote.AbstractProtocol.pause Pausing ProtocolHandler ["http-nio-8081"]
13-Jan-2021 01:12:07.567 INFORMACIÓN [main] org.apache.catalina.core.StandardService.stopInternal Parando servicio [Catalina]
13-Jan-2021 01:12:07.632 INFORMACIÓN [main] org.apache.coyote.AbstractProtocol.stop Stopping ProtocolHandler ["http-nio-8081"]
13-Jan-2021 01:12:07.682 INFORMACIÓN [main] org.apache.coyote.AbstractProtocol.destroy Destroying ProtocolHandler ["http-nio-8081"]
13-Jan-2021 01:12:21.063 INFORMACIÓN [main] org.apache.catalina.startup.VersionLoggerListener.log Nombre de la versión del servidor: Apache Tomcat/9.0.41
13-Jan-2021 01:12:21.066 INFORMACIÓN [main] org.apache.catalina.startup.VersionLoggerListener.log Server built:                      Dec 3 2020 11:43:00 UTC
13-Jan-2021 01:12:21.066 INFORMACIÓN [main] org.apache.catalina.startup.VersionLoggerListener.log Número de versión de servidor:     9.0.41.0
13-Jan-2021 01:12:21.066 INFORMACIÓN [main] org.apache.catalina.startup.VersionLoggerListener.log OS Name:                           Windows 10
13-Jan-2021 01:12:21.066 INFORMACIÓN [main] org.apache.catalina.startup.VersionLoggerListener.log Versión de Systema Operativo:      10.0
13-Jan-2021 01:12:21.066 INFORMACIÓN [main] org.apache.catalina.startup.VersionLoggerListener.log Arquitectura:                      amd64
13-Jan-2021 01:12:21.066 INFORMACIÓN [main] org.apache.catalina.startup.VersionLoggerListener.log Java Home:                         C:\Program Files\Java\jdk1.8.0_111\jre
13-Jan-2021 01:12:21.066 INFORMACIÓN [main] org.apache.catalina.startup.VersionLoggerListener.log JVM Version:                       1.8.0_111-b14
13-Jan-2021 01:12:21.066 INFORMACIÓN [main] org.apache.catalina.startup.VersionLoggerListener.log Vededor JVM:                       Oracle Corporation
13-Jan-2021 01:12:21.067 INFORMACIÓN [main] org.apache.catalina.startup.VersionLoggerListener.log CATALINA_BASE:                     E:\Users\david\Desktop\Universidad\Cuarto\1Cuatri\Arquitectura de diseño y sistemas web\apache-tomcat-9.0.41
13-Jan-2021 01:12:21.067 INFORMACIÓN [main] org.apache.catalina.startup.VersionLoggerListener.log CATALINA_HOME:                     E:\Users\david\Desktop\Universidad\Cuarto\1Cuatri\Arquitectura de diseño y sistemas web\apache-tomcat-9.0.41
13-Jan-2021 01:12:21.070 INFORMACIÓN [main] org.apache.catalina.startup.VersionLoggerListener.log Command line argument:             -Djava.util.logging.config.file=E:\Users\david\Desktop\Universidad\Cuarto\1Cuatri\Arquitectura de diseño y sistemas web\apache-tomcat-9.0.41\conf\logging.properties
13-Jan-2021 01:12:21.070 INFORMACIÓN [main] org.apache.catalina.startup.VersionLoggerListener.log Command line argument:             -Djava.util.logging.manager=org.apache.juli.ClassLoaderLogManager
13-Jan-2021 01:12:21.070 INFORMACIÓN [main] org.apache.catalina.startup.VersionLoggerListener.log Command line argument:             -Dhttp.nonProxyHosts=localhost|127.0.0.1|DESKTOP-M29HIL5
13-Jan-2021 01:12:21.071 INFORMACIÓN [main] org.apache.catalina.startup.VersionLoggerListener.log Command line argument:             -Djdk.tls.ephemeralDHKeySize=2048
13-Jan-2021 01:12:21.071 INFORMACIÓN [main] org.apache.catalina.startup.VersionLoggerListener.log Command line argument:             -Djava.protocol.handler.pkgs=org.apache.catalina.webresources
13-Jan-2021 01:12:21.071 INFORMACIÓN [main] org.apache.catalina.startup.VersionLoggerListener.log Command line argument:             -Dignore.endorsed.dirs=
13-Jan-2021 01:12:21.071 INFORMACIÓN [main] org.apache.catalina.startup.VersionLoggerListener.log Command line argument:             -Dcatalina.base=E:\Users\david\Desktop\Universidad\Cuarto\1Cuatri\Arquitectura de diseño y sistemas web\apache-tomcat-9.0.41
13-Jan-2021 01:12:21.071 INFORMACIÓN [main] org.apache.catalina.startup.VersionLoggerListener.log Command line argument:             -Dcatalina.home=E:\Users\david\Desktop\Universidad\Cuarto\1Cuatri\Arquitectura de diseño y sistemas web\apache-tomcat-9.0.41
13-Jan-2021 01:12:21.071 INFORMACIÓN [main] org.apache.catalina.startup.VersionLoggerListener.log Command line argument:             -Djava.io.tmpdir=E:\Users\david\Desktop\Universidad\Cuarto\1Cuatri\Arquitectura de diseño y sistemas web\apache-tomcat-9.0.41\temp
13-Jan-2021 01:12:21.082 INFORMACIÓN [main] org.apache.catalina.core.AprLifecycleListener.lifecycleEvent Cargada la biblioteca nativa APR de Apache Tomcat [1.2.25] con la versión APR [1.7.0].
13-Jan-2021 01:12:21.083 INFORMACIÓN [main] org.apache.catalina.core.AprLifecycleListener.lifecycleEvent Capacidades APR: IPv6 [true], enviar fichero [true], aceptar filtros [false], aleatorio [true].
13-Jan-2021 01:12:21.205 INFORMACIÓN [main] org.apache.catalina.core.AprLifecycleListener.lifecycleEvent APR/OpenSSL configuration: useAprConnector [false], useOpenSSL [true]
13-Jan-2021 01:12:21.238 INFORMACIÓN [main] org.apache.catalina.core.AprLifecycleListener.initializeSSL OpenSSL inicializado correctamente [OpenSSL 1.1.1g  21 Apr 2020]
13-Jan-2021 01:12:21.803 INFORMACIÓN [main] org.apache.coyote.AbstractProtocol.init Inicializando el manejador de protocolo ["http-nio-8081"]

13-Jan-2021 01:12:22.166 INFORMACIÓN [main] org.apache.catalina.startup.Catalina.load Server initialization in [1495] milliseconds
13-Jan-2021 01:12:22.213 INFORMACIÓN [main] org.apache.catalina.core.StandardService.startInternal Arrancando servicio [Catalina]
13-Jan-2021 01:12:22.213 INFORMACIÓN [main] org.apache.catalina.core.StandardEngine.startInternal Starting Servlet engine: [Apache Tomcat/9.0.41]
13-Jan-2021 01:12:22.226 INFORMACIÓN [main] org.apache.catalina.startup.HostConfig.deployDescriptor Desplieque del descriptor de configuración [E:\Users\david\Desktop\Universidad\Cuarto\1Cuatri\Arquitectura de diseño y sistemas web\apache-tomcat-9.0.41\conf\Catalina\localhost\TrabajoWeb.xml]
13-Jan-2021 01:12:22.254 ADVERTENCIA [main] org.apache.catalina.startup.HostConfig.deployDescriptor The path attribute with value [/TrabajoWeb] in deployment descriptor [E:\Users\david\Desktop\Universidad\Cuarto\1Cuatri\Arquitectura de diseño y sistemas web\apache-tomcat-9.0.41\conf\Catalina\localhost\TrabajoWeb.xml] has been ignored
13-Jan-2021 01:12:22.848 INFORMACIÓN [main] org.apache.jasper.servlet.TldScanner.scanJars Al menos un JAR, que se ha explorado buscando TLDs, aún no contenía TLDs. Activar historial de depuración para este historiador para una completa lista de los JARs que fueron explorados y de los que nos se halló TLDs. Saltarse JARs no necesarios durante la exploración puede dar lugar a una mejora de tiempo significativa en el arranque y compilación de JSP .
13-Jan-2021 01:12:22.953 INFORMACIÓN [main] org.apache.catalina.startup.HostConfig.deployDescriptor Deployment of deployment descriptor [E:\Users\david\Desktop\Universidad\Cuarto\1Cuatri\Arquitectura de diseño y sistemas web\apache-tomcat-9.0.41\conf\Catalina\localhost\TrabajoWeb.xml] has finished in [722] ms
13-Jan-2021 01:12:22.955 INFORMACIÓN [main] org.apache.catalina.startup.HostConfig.deployDirectory Desplegando el directorio [E:\Users\david\Desktop\Universidad\Cuarto\1Cuatri\Arquitectura de diseño y sistemas web\apache-tomcat-9.0.41\webapps\docs] de la aplicación web
13-Jan-2021 01:12:23.040 INFORMACIÓN [main] org.apache.catalina.startup.HostConfig.deployDirectory Deployment of web application directory [E:\Users\david\Desktop\Universidad\Cuarto\1Cuatri\Arquitectura de diseño y sistemas web\apache-tomcat-9.0.41\webapps\docs] has finished in [86] ms
13-Jan-2021 01:12:23.042 INFORMACIÓN [main] org.apache.catalina.startup.HostConfig.deployDirectory Desplegando el directorio [E:\Users\david\Desktop\Universidad\Cuarto\1Cuatri\Arquitectura de diseño y sistemas web\apache-tomcat-9.0.41\webapps\examples] de la aplicación web
13-Jan-2021 01:12:23.835 INFORMACIÓN [main] org.apache.catalina.startup.HostConfig.deployDirectory Deployment of web application directory [E:\Users\david\Desktop\Universidad\Cuarto\1Cuatri\Arquitectura de diseño y sistemas web\apache-tomcat-9.0.41\webapps\examples] has finished in [793] ms
13-Jan-2021 01:12:23.835 INFORMACIÓN [main] org.apache.catalina.startup.HostConfig.deployDirectory Desplegando el directorio [E:\Users\david\Desktop\Universidad\Cuarto\1Cuatri\Arquitectura de diseño y sistemas web\apache-tomcat-9.0.41\webapps\host-manager] de la aplicación web
13-Jan-2021 01:12:23.910 INFORMACIÓN [main] org.apache.catalina.startup.HostConfig.deployDirectory Deployment of web application directory [E:\Users\david\Desktop\Universidad\Cuarto\1Cuatri\Arquitectura de diseño y sistemas web\apache-tomcat-9.0.41\webapps\host-manager] has finished in [75] ms
13-Jan-2021 01:12:23.910 INFORMACIÓN [main] org.apache.catalina.startup.HostConfig.deployDirectory Desplegando el directorio [E:\Users\david\Desktop\Universidad\Cuarto\1Cuatri\Arquitectura de diseño y sistemas web\apache-tomcat-9.0.41\webapps\manager] de la aplicación web
13-Jan-2021 01:12:23.973 INFORMACIÓN [main] org.apache.catalina.startup.HostConfig.deployDirectory Deployment of web application directory [E:\Users\david\Desktop\Universidad\Cuarto\1Cuatri\Arquitectura de diseño y sistemas web\apache-tomcat-9.0.41\webapps\manager] has finished in [63] ms
13-Jan-2021 01:12:23.973 INFORMACIÓN [main] org.apache.catalina.startup.HostConfig.deployDirectory Desplegando el directorio [E:\Users\david\Desktop\Universidad\Cuarto\1Cuatri\Arquitectura de diseño y sistemas web\apache-tomcat-9.0.41\webapps\ROOT] de la aplicación web
13-Jan-2021 01:12:24.026 INFORMACIÓN [main] org.apache.catalina.startup.HostConfig.deployDirectory Deployment of web application directory [E:\Users\david\Desktop\Universidad\Cuarto\1Cuatri\Arquitectura de diseño y sistemas web\apache-tomcat-9.0.41\webapps\ROOT] has finished in [52] ms
13-Jan-2021 01:12:24.032 INFORMACIÓN [main] org.apache.coyote.AbstractProtocol.start Starting ProtocolHandler ["http-nio-8081"]
13-Jan-2021 01:12:24.050 INFORMACIÓN [main] org.apache.catalina.startup.Catalina.start Server startup in [1882] milliseconds
13-Jan-2021 02:05:03.667 INFORMACIÓN [main] org.apache.catalina.core.StandardServer.await Se ha recibido un comando de apagado a través del puerto de apagado. Parando la instancia del Servidor.
13-Jan-2021 02:05:03.668 INFORMACIÓN [main] org.apache.coyote.AbstractProtocol.pause Pausing ProtocolHandler ["http-nio-8081"]
13-Jan-2021 02:05:03.919 INFORMACIÓN [main] org.apache.catalina.core.StandardService.stopInternal Parando servicio [Catalina]
13-Jan-2021 02:05:03.985 INFORMACIÓN [main] org.apache.coyote.AbstractProtocol.stop Stopping ProtocolHandler ["http-nio-8081"]
13-Jan-2021 02:05:04.049 INFORMACIÓN [main] org.apache.coyote.AbstractProtocol.destroy Destroying ProtocolHandler ["http-nio-8081"]
13-Jan-2021 02:05:15.550 INFORMACIÓN [main] org.apache.catalina.startup.VersionLoggerListener.log Nombre de la versión del servidor: Apache Tomcat/9.0.41
13-Jan-2021 02:05:15.553 INFORMACIÓN [main] org.apache.catalina.startup.VersionLoggerListener.log Server built:                      Dec 3 2020 11:43:00 UTC
13-Jan-2021 02:05:15.553 INFORMACIÓN [main] org.apache.catalina.startup.VersionLoggerListener.log Número de versión de servidor:     9.0.41.0
13-Jan-2021 02:05:15.554 INFORMACIÓN [main] org.apache.catalina.startup.VersionLoggerListener.log OS Name:                           Windows 10
13-Jan-2021 02:05:15.554 INFORMACIÓN [main] org.apache.catalina.startup.VersionLoggerListener.log Versión de Systema Operativo:      10.0
13-Jan-2021 02:05:15.554 INFORMACIÓN [main] org.apache.catalina.startup.VersionLoggerListener.log Arquitectura:                      amd64
13-Jan-2021 02:05:15.554 INFORMACIÓN [main] org.apache.catalina.startup.VersionLoggerListener.log Java Home:                         C:\Program Files\Java\jdk1.8.0_111\jre
13-Jan-2021 02:05:15.554 INFORMACIÓN [main] org.apache.catalina.startup.VersionLoggerListener.log JVM Version:                       1.8.0_111-b14
13-Jan-2021 02:05:15.554 INFORMACIÓN [main] org.apache.catalina.startup.VersionLoggerListener.log Vededor JVM:                       Oracle Corporation
13-Jan-2021 02:05:15.554 INFORMACIÓN [main] org.apache.catalina.startup.VersionLoggerListener.log CATALINA_BASE:                     E:\Users\david\Desktop\Universidad\Cuarto\1Cuatri\Arquitectura de diseño y sistemas web\apache-tomcat-9.0.41
13-Jan-2021 02:05:15.554 INFORMACIÓN [main] org.apache.catalina.startup.VersionLoggerListener.log CATALINA_HOME:                     E:\Users\david\Desktop\Universidad\Cuarto\1Cuatri\Arquitectura de diseño y sistemas web\apache-tomcat-9.0.41
13-Jan-2021 02:05:15.558 INFORMACIÓN [main] org.apache.catalina.startup.VersionLoggerListener.log Command line argument:             -Djava.util.logging.config.file=E:\Users\david\Desktop\Universidad\Cuarto\1Cuatri\Arquitectura de diseño y sistemas web\apache-tomcat-9.0.41\conf\logging.properties
13-Jan-2021 02:05:15.558 INFORMACIÓN [main] org.apache.catalina.startup.VersionLoggerListener.log Command line argument:             -Djava.util.logging.manager=org.apache.juli.ClassLoaderLogManager
13-Jan-2021 02:05:15.558 INFORMACIÓN [main] org.apache.catalina.startup.VersionLoggerListener.log Command line argument:             -Dhttp.nonProxyHosts=localhost|127.0.0.1|DESKTOP-M29HIL5
13-Jan-2021 02:05:15.558 INFORMACIÓN [main] org.apache.catalina.startup.VersionLoggerListener.log Command line argument:             -Djdk.tls.ephemeralDHKeySize=2048
13-Jan-2021 02:05:15.558 INFORMACIÓN [main] org.apache.catalina.startup.VersionLoggerListener.log Command line argument:             -Djava.protocol.handler.pkgs=org.apache.catalina.webresources
13-Jan-2021 02:05:15.558 INFORMACIÓN [main] org.apache.catalina.startup.VersionLoggerListener.log Command line argument:             -Dignore.endorsed.dirs=
13-Jan-2021 02:05:15.559 INFORMACIÓN [main] org.apache.catalina.startup.VersionLoggerListener.log Command line argument:             -Dcatalina.base=E:\Users\david\Desktop\Universidad\Cuarto\1Cuatri\Arquitectura de diseño y sistemas web\apache-tomcat-9.0.41
13-Jan-2021 02:05:15.559 INFORMACIÓN [main] org.apache.catalina.startup.VersionLoggerListener.log Command line argument:             -Dcatalina.home=E:\Users\david\Desktop\Universidad\Cuarto\1Cuatri\Arquitectura de diseño y sistemas web\apache-tomcat-9.0.41
13-Jan-2021 02:05:15.559 INFORMACIÓN [main] org.apache.catalina.startup.VersionLoggerListener.log Command line argument:             -Djava.io.tmpdir=E:\Users\david\Desktop\Universidad\Cuarto\1Cuatri\Arquitectura de diseño y sistemas web\apache-tomcat-9.0.41\temp
13-Jan-2021 02:05:15.569 INFORMACIÓN [main] org.apache.catalina.core.AprLifecycleListener.lifecycleEvent Cargada la biblioteca nativa APR de Apache Tomcat [1.2.25] con la versión APR [1.7.0].
13-Jan-2021 02:05:15.570 INFORMACIÓN [main] org.apache.catalina.core.AprLifecycleListener.lifecycleEvent Capacidades APR: IPv6 [true], enviar fichero [true], aceptar filtros [false], aleatorio [true].
13-Jan-2021 02:05:15.587 INFORMACIÓN [main] org.apache.catalina.core.AprLifecycleListener.lifecycleEvent APR/OpenSSL configuration: useAprConnector [false], useOpenSSL [true]
13-Jan-2021 02:05:15.600 INFORMACIÓN [main] org.apache.catalina.core.AprLifecycleListener.initializeSSL OpenSSL inicializado correctamente [OpenSSL 1.1.1g  21 Apr 2020]
13-Jan-2021 02:05:16.099 INFORMACIÓN [main] org.apache.coyote.AbstractProtocol.init Inicializando el manejador de protocolo ["http-nio-8081"]

13-Jan-2021 02:05:16.416 INFORMACIÓN [main] org.apache.catalina.startup.Catalina.load Server initialization in [1152] milliseconds
13-Jan-2021 02:05:16.453 INFORMACIÓN [main] org.apache.catalina.core.StandardService.startInternal Arrancando servicio [Catalina]
13-Jan-2021 02:05:16.453 INFORMACIÓN [main] org.apache.catalina.core.StandardEngine.startInternal Starting Servlet engine: [Apache Tomcat/9.0.41]
13-Jan-2021 02:05:16.467 INFORMACIÓN [main] org.apache.catalina.startup.HostConfig.deployDescriptor Desplieque del descriptor de configuración [E:\Users\david\Desktop\Universidad\Cuarto\1Cuatri\Arquitectura de diseño y sistemas web\apache-tomcat-9.0.41\conf\Catalina\localhost\TrabajoWeb.xml]
13-Jan-2021 02:05:16.520 ADVERTENCIA [main] org.apache.catalina.startup.HostConfig.deployDescriptor The path attribute with value [/TrabajoWeb] in deployment descriptor [E:\Users\david\Desktop\Universidad\Cuarto\1Cuatri\Arquitectura de diseño y sistemas web\apache-tomcat-9.0.41\conf\Catalina\localhost\TrabajoWeb.xml] has been ignored
13-Jan-2021 02:05:17.090 INFORMACIÓN [main] org.apache.jasper.servlet.TldScanner.scanJars Al menos un JAR, que se ha explorado buscando TLDs, aún no contenía TLDs. Activar historial de depuración para este historiador para una completa lista de los JARs que fueron explorados y de los que nos se halló TLDs. Saltarse JARs no necesarios durante la exploración puede dar lugar a una mejora de tiempo significativa en el arranque y compilación de JSP .
13-Jan-2021 02:05:17.247 INFORMACIÓN [main] org.apache.catalina.startup.HostConfig.deployDescriptor Deployment of deployment descriptor [E:\Users\david\Desktop\Universidad\Cuarto\1Cuatri\Arquitectura de diseño y sistemas web\apache-tomcat-9.0.41\conf\Catalina\localhost\TrabajoWeb.xml] has finished in [776] ms
13-Jan-2021 02:05:17.249 INFORMACIÓN [main] org.apache.catalina.startup.HostConfig.deployDirectory Desplegando el directorio [E:\Users\david\Desktop\Universidad\Cuarto\1Cuatri\Arquitectura de diseño y sistemas web\apache-tomcat-9.0.41\webapps\docs] de la aplicación web
13-Jan-2021 02:05:17.337 INFORMACIÓN [main] org.apache.catalina.startup.HostConfig.deployDirectory Deployment of web application directory [E:\Users\david\Desktop\Universidad\Cuarto\1Cuatri\Arquitectura de diseño y sistemas web\apache-tomcat-9.0.41\webapps\docs] has finished in [88] ms
13-Jan-2021 02:05:17.338 INFORMACIÓN [main] org.apache.catalina.startup.HostConfig.deployDirectory Desplegando el directorio [E:\Users\david\Desktop\Universidad\Cuarto\1Cuatri\Arquitectura de diseño y sistemas web\apache-tomcat-9.0.41\webapps\examples] de la aplicación web
13-Jan-2021 02:05:18.015 INFORMACIÓN [main] org.apache.catalina.startup.HostConfig.deployDirectory Deployment of web application directory [E:\Users\david\Desktop\Universidad\Cuarto\1Cuatri\Arquitectura de diseño y sistemas web\apache-tomcat-9.0.41\webapps\examples] has finished in [677] ms
13-Jan-2021 02:05:18.016 INFORMACIÓN [main] org.apache.catalina.startup.HostConfig.deployDirectory Desplegando el directorio [E:\Users\david\Desktop\Universidad\Cuarto\1Cuatri\Arquitectura de diseño y sistemas web\apache-tomcat-9.0.41\webapps\host-manager] de la aplicación web
13-Jan-2021 02:05:18.074 INFORMACIÓN [main] org.apache.catalina.startup.HostConfig.deployDirectory Deployment of web application directory [E:\Users\david\Desktop\Universidad\Cuarto\1Cuatri\Arquitectura de diseño y sistemas web\apache-tomcat-9.0.41\webapps\host-manager] has finished in [58] ms
13-Jan-2021 02:05:18.075 INFORMACIÓN [main] org.apache.catalina.startup.HostConfig.deployDirectory Desplegando el directorio [E:\Users\david\Desktop\Universidad\Cuarto\1Cuatri\Arquitectura de diseño y sistemas web\apache-tomcat-9.0.41\webapps\manager] de la aplicación web
13-Jan-2021 02:05:18.127 INFORMACIÓN [main] org.apache.catalina.startup.HostConfig.deployDirectory Deployment of web application directory [E:\Users\david\Desktop\Universidad\Cuarto\1Cuatri\Arquitectura de diseño y sistemas web\apache-tomcat-9.0.41\webapps\manager] has finished in [52] ms
13-Jan-2021 02:05:18.127 INFORMACIÓN [main] org.apache.catalina.startup.HostConfig.deployDirectory Desplegando el directorio [E:\Users\david\Desktop\Universidad\Cuarto\1Cuatri\Arquitectura de diseño y sistemas web\apache-tomcat-9.0.41\webapps\ROOT] de la aplicación web
13-Jan-2021 02:05:18.181 INFORMACIÓN [main] org.apache.catalina.startup.HostConfig.deployDirectory Deployment of web application directory [E:\Users\david\Desktop\Universidad\Cuarto\1Cuatri\Arquitectura de diseño y sistemas web\apache-tomcat-9.0.41\webapps\ROOT] has finished in [54] ms
13-Jan-2021 02:05:18.187 INFORMACIÓN [main] org.apache.coyote.AbstractProtocol.start Starting ProtocolHandler ["http-nio-8081"]
13-Jan-2021 02:05:18.218 INFORMACIÓN [main] org.apache.catalina.startup.Catalina.start Server startup in [1801] milliseconds
13-Jan-2021 03:34:59.805 INFORMACIÓN [main] org.apache.catalina.core.StandardServer.await Se ha recibido un comando de apagado a través del puerto de apagado. Parando la instancia del Servidor.
13-Jan-2021 03:34:59.805 INFORMACIÓN [main] org.apache.coyote.AbstractProtocol.pause Pausing ProtocolHandler ["http-nio-8081"]
13-Jan-2021 03:35:00.016 INFORMACIÓN [main] org.apache.catalina.core.StandardService.stopInternal Parando servicio [Catalina]
13-Jan-2021 03:35:00.048 INFORMACIÓN [main] org.apache.coyote.AbstractProtocol.stop Stopping ProtocolHandler ["http-nio-8081"]
13-Jan-2021 03:35:00.097 INFORMACIÓN [main] org.apache.coyote.AbstractProtocol.destroy Destroying ProtocolHandler ["http-nio-8081"]
13-Jan-2021 17:47:38.895 INFORMACIÓN [main] org.apache.catalina.startup.VersionLoggerListener.log Nombre de la versión del servidor: Apache Tomcat/9.0.41
13-Jan-2021 17:47:38.899 INFORMACIÓN [main] org.apache.catalina.startup.VersionLoggerListener.log Server built:                      Dec 3 2020 11:43:00 UTC
13-Jan-2021 17:47:38.899 INFORMACIÓN [main] org.apache.catalina.startup.VersionLoggerListener.log Número de versión de servidor:     9.0.41.0
13-Jan-2021 17:47:38.899 INFORMACIÓN [main] org.apache.catalina.startup.VersionLoggerListener.log OS Name:                           Windows 10
13-Jan-2021 17:47:38.900 INFORMACIÓN [main] org.apache.catalina.startup.VersionLoggerListener.log Versión de Systema Operativo:      10.0
13-Jan-2021 17:47:38.900 INFORMACIÓN [main] org.apache.catalina.startup.VersionLoggerListener.log Arquitectura:                      amd64
13-Jan-2021 17:47:38.900 INFORMACIÓN [main] org.apache.catalina.startup.VersionLoggerListener.log Java Home:                         C:\Program Files\Java\jdk1.8.0_111\jre
13-Jan-2021 17:47:38.900 INFORMACIÓN [main] org.apache.catalina.startup.VersionLoggerListener.log JVM Version:                       1.8.0_111-b14
13-Jan-2021 17:47:38.900 INFORMACIÓN [main] org.apache.catalina.startup.VersionLoggerListener.log Vededor JVM:                       Oracle Corporation
13-Jan-2021 17:47:38.900 INFORMACIÓN [main] org.apache.catalina.startup.VersionLoggerListener.log CATALINA_BASE:                     E:\Users\david\Desktop\Universidad\Cuarto\1Cuatri\Arquitectura de diseño y sistemas web\apache-tomcat-9.0.41
13-Jan-2021 17:47:38.900 INFORMACIÓN [main] org.apache.catalina.startup.VersionLoggerListener.log CATALINA_HOME:                     E:\Users\david\Desktop\Universidad\Cuarto\1Cuatri\Arquitectura de diseño y sistemas web\apache-tomcat-9.0.41
13-Jan-2021 17:47:38.904 INFORMACIÓN [main] org.apache.catalina.startup.VersionLoggerListener.log Command line argument:             -Djava.util.logging.config.file=E:\Users\david\Desktop\Universidad\Cuarto\1Cuatri\Arquitectura de diseño y sistemas web\apache-tomcat-9.0.41\conf\logging.properties
13-Jan-2021 17:47:38.904 INFORMACIÓN [main] org.apache.catalina.startup.VersionLoggerListener.log Command line argument:             -Djava.util.logging.manager=org.apache.juli.ClassLoaderLogManager
13-Jan-2021 17:47:38.904 INFORMACIÓN [main] org.apache.catalina.startup.VersionLoggerListener.log Command line argument:             -Dhttp.nonProxyHosts=localhost|127.0.0.1|DESKTOP-M29HIL5
13-Jan-2021 17:47:38.905 INFORMACIÓN [main] org.apache.catalina.startup.VersionLoggerListener.log Command line argument:             -Djdk.tls.ephemeralDHKeySize=2048
13-Jan-2021 17:47:38.906 INFORMACIÓN [main] org.apache.catalina.startup.VersionLoggerListener.log Command line argument:             -Djava.protocol.handler.pkgs=org.apache.catalina.webresources
13-Jan-2021 17:47:38.906 INFORMACIÓN [main] org.apache.catalina.startup.VersionLoggerListener.log Command line argument:             -Dignore.endorsed.dirs=
13-Jan-2021 17:47:38.906 INFORMACIÓN [main] org.apache.catalina.startup.VersionLoggerListener.log Command line argument:             -Dcatalina.base=E:\Users\david\Desktop\Universidad\Cuarto\1Cuatri\Arquitectura de diseño y sistemas web\apache-tomcat-9.0.41
13-Jan-2021 17:47:38.906 INFORMACIÓN [main] org.apache.catalina.startup.VersionLoggerListener.log Command line argument:             -Dcatalina.home=E:\Users\david\Desktop\Universidad\Cuarto\1Cuatri\Arquitectura de diseño y sistemas web\apache-tomcat-9.0.41
13-Jan-2021 17:47:38.906 INFORMACIÓN [main] org.apache.catalina.startup.VersionLoggerListener.log Command line argument:             -Djava.io.tmpdir=E:\Users\david\Desktop\Universidad\Cuarto\1Cuatri\Arquitectura de diseño y sistemas web\apache-tomcat-9.0.41\temp
13-Jan-2021 17:47:38.919 INFORMACIÓN [main] org.apache.catalina.core.AprLifecycleListener.lifecycleEvent Cargada la biblioteca nativa APR de Apache Tomcat [1.2.25] con la versión APR [1.7.0].
13-Jan-2021 17:47:38.919 INFORMACIÓN [main] org.apache.catalina.core.AprLifecycleListener.lifecycleEvent Capacidades APR: IPv6 [true], enviar fichero [true], aceptar filtros [false], aleatorio [true].
13-Jan-2021 17:47:39.043 INFORMACIÓN [main] org.apache.catalina.core.AprLifecycleListener.lifecycleEvent APR/OpenSSL configuration: useAprConnector [false], useOpenSSL [true]
13-Jan-2021 17:47:39.059 INFORMACIÓN [main] org.apache.catalina.core.AprLifecycleListener.initializeSSL OpenSSL inicializado correctamente [OpenSSL 1.1.1g  21 Apr 2020]
13-Jan-2021 17:47:39.678 INFORMACIÓN [main] org.apache.coyote.AbstractProtocol.init Inicializando el manejador de protocolo ["http-nio-8081"]

13-Jan-2021 17:47:40.126 INFORMACIÓN [main] org.apache.catalina.startup.Catalina.load Server initialization in [1590] milliseconds
13-Jan-2021 17:47:40.179 INFORMACIÓN [main] org.apache.catalina.core.StandardService.startInternal Arrancando servicio [Catalina]
13-Jan-2021 17:47:40.179 INFORMACIÓN [main] org.apache.catalina.core.StandardEngine.startInternal Starting Servlet engine: [Apache Tomcat/9.0.41]
13-Jan-2021 17:47:40.212 INFORMACIÓN [main] org.apache.catalina.startup.HostConfig.deployDescriptor Desplieque del descriptor de configuración [E:\Users\david\Desktop\Universidad\Cuarto\1Cuatri\Arquitectura de diseño y sistemas web\apache-tomcat-9.0.41\conf\Catalina\localhost\TrabajoWeb.xml]
13-Jan-2021 17:47:40.250 ADVERTENCIA [main] org.apache.catalina.startup.HostConfig.deployDescriptor The path attribute with value [/TrabajoWeb] in deployment descriptor [E:\Users\david\Desktop\Universidad\Cuarto\1Cuatri\Arquitectura de diseño y sistemas web\apache-tomcat-9.0.41\conf\Catalina\localhost\TrabajoWeb.xml] has been ignored
13-Jan-2021 17:47:40.923 INFORMACIÓN [main] org.apache.jasper.servlet.TldScanner.scanJars Al menos un JAR, que se ha explorado buscando TLDs, aún no contenía TLDs. Activar historial de depuración para este historiador para una completa lista de los JARs que fueron explorados y de los que nos se halló TLDs. Saltarse JARs no necesarios durante la exploración puede dar lugar a una mejora de tiempo significativa en el arranque y compilación de JSP .
13-Jan-2021 17:47:41.042 INFORMACIÓN [main] org.apache.catalina.startup.HostConfig.deployDescriptor Deployment of deployment descriptor [E:\Users\david\Desktop\Universidad\Cuarto\1Cuatri\Arquitectura de diseño y sistemas web\apache-tomcat-9.0.41\conf\Catalina\localhost\TrabajoWeb.xml] has finished in [829] ms
13-Jan-2021 17:47:41.045 INFORMACIÓN [main] org.apache.catalina.startup.HostConfig.deployDirectory Desplegando el directorio [E:\Users\david\Desktop\Universidad\Cuarto\1Cuatri\Arquitectura de diseño y sistemas web\apache-tomcat-9.0.41\webapps\docs] de la aplicación web
13-Jan-2021 17:47:41.133 INFORMACIÓN [main] org.apache.catalina.startup.HostConfig.deployDirectory Deployment of web application directory [E:\Users\david\Desktop\Universidad\Cuarto\1Cuatri\Arquitectura de diseño y sistemas web\apache-tomcat-9.0.41\webapps\docs] has finished in [90] ms
13-Jan-2021 17:47:41.133 INFORMACIÓN [main] org.apache.catalina.startup.HostConfig.deployDirectory Desplegando el directorio [E:\Users\david\Desktop\Universidad\Cuarto\1Cuatri\Arquitectura de diseño y sistemas web\apache-tomcat-9.0.41\webapps\examples] de la aplicación web
13-Jan-2021 17:47:42.137 INFORMACIÓN [main] org.apache.catalina.startup.HostConfig.deployDirectory Deployment of web application directory [E:\Users\david\Desktop\Universidad\Cuarto\1Cuatri\Arquitectura de diseño y sistemas web\apache-tomcat-9.0.41\webapps\examples] has finished in [1.003] ms
13-Jan-2021 17:47:42.137 INFORMACIÓN [main] org.apache.catalina.startup.HostConfig.deployDirectory Desplegando el directorio [E:\Users\david\Desktop\Universidad\Cuarto\1Cuatri\Arquitectura de diseño y sistemas web\apache-tomcat-9.0.41\webapps\host-manager] de la aplicación web
13-Jan-2021 17:47:42.231 INFORMACIÓN [main] org.apache.catalina.startup.HostConfig.deployDirectory Deployment of web application directory [E:\Users\david\Desktop\Universidad\Cuarto\1Cuatri\Arquitectura de diseño y sistemas web\apache-tomcat-9.0.41\webapps\host-manager] has finished in [93] ms
13-Jan-2021 17:47:42.231 INFORMACIÓN [main] org.apache.catalina.startup.HostConfig.deployDirectory Desplegando el directorio [E:\Users\david\Desktop\Universidad\Cuarto\1Cuatri\Arquitectura de diseño y sistemas web\apache-tomcat-9.0.41\webapps\manager] de la aplicación web
13-Jan-2021 17:47:42.312 INFORMACIÓN [main] org.apache.catalina.startup.HostConfig.deployDirectory Deployment of web application directory [E:\Users\david\Desktop\Universidad\Cuarto\1Cuatri\Arquitectura de diseño y sistemas web\apache-tomcat-9.0.41\webapps\manager] has finished in [80] ms
13-Jan-2021 17:47:42.312 INFORMACIÓN [main] org.apache.catalina.startup.HostConfig.deployDirectory Desplegando el directorio [E:\Users\david\Desktop\Universidad\Cuarto\1Cuatri\Arquitectura de diseño y sistemas web\apache-tomcat-9.0.41\webapps\ROOT] de la aplicación web
13-Jan-2021 17:47:42.375 INFORMACIÓN [main] org.apache.catalina.startup.HostConfig.deployDirectory Deployment of web application directory [E:\Users\david\Desktop\Universidad\Cuarto\1Cuatri\Arquitectura de diseño y sistemas web\apache-tomcat-9.0.41\webapps\ROOT] has finished in [62] ms
13-Jan-2021 17:47:42.381 INFORMACIÓN [main] org.apache.coyote.AbstractProtocol.start Starting ProtocolHandler ["http-nio-8081"]
13-Jan-2021 17:47:42.405 INFORMACIÓN [main] org.apache.catalina.startup.Catalina.start Server startup in [2278] milliseconds
